<?xml version="1.0" encoding="UTF-8"?>
<testsuite name="net.thucydides.showcase.cucumber.SearchByKeyword" time="0.034" tests="11" errors="4" skipped="7" failures="0">
  <properties>
[...]
</properties>
  <testcase name="Given I navigate to EDA Login Page" classname="Scenario: Login" time="0.014">
    <error message="Could not instantiate class org.openqa.selenium.chrome.ChromeDriver" type="net.thucydides.core.webdriver.UnsupportedDriverException"><![CDATA[net.thucydides.core.webdriver.UnsupportedDriverException: Could not instantiate class org.openqa.selenium.chrome.ChromeDriver
	at net.thucydides.core.webdriver.WebDriverFacade.newDriverInstance(WebDriverFacade.java:141)
	at net.thucydides.core.webdriver.WebDriverFacade.newProxyDriver(WebDriverFacade.java:128)
	at net.thucydides.core.webdriver.WebDriverFacade.getProxiedDriver(WebDriverFacade.java:100)
	at net.thucydides.core.webdriver.WebDriverFacade.openIgnoringHtmlUnitScriptErrors(WebDriverFacade.java:173)
	at net.thucydides.core.webdriver.WebDriverFacade.get(WebDriverFacade.java:168)
	at net.serenitybdd.core.pages.PageObject.openPageAtUrl(PageObject.java:836)
	at net.serenitybdd.core.pages.PageObject.open(PageObject.java:746)
	at net.serenitybdd.core.pages.PageObject.open(PageObject.java:734)
	at net.thucydides.showcase.cucumber.steps.serenity.loginsteps.opens_home_page(loginsteps.java:25)
	at net.thucydides.showcase.cucumber.steps.serenity.loginsteps$$EnhancerByCGLIB$$21f0517c.CGLIB$opens_home_page$2(<generated>)
	at net.thucydides.showcase.cucumber.steps.serenity.loginsteps$$EnhancerByCGLIB$$21f0517c$$FastClassByCGLIB$$b65aaf25.invoke(<generated>)
	at net.sf.cglib.proxy.MethodProxy.invokeSuper(MethodProxy.java:228)
	at net.thucydides.core.steps.StepInterceptor.invokeMethod(StepInterceptor.java:336)
	at net.thucydides.core.steps.StepInterceptor.executeTestStepMethod(StepInterceptor.java:321)
	at net.thucydides.core.steps.StepInterceptor.runTestStep(StepInterceptor.java:296)
	at net.thucydides.core.steps.StepInterceptor.testStepResult(StepInterceptor.java:129)
	at net.thucydides.core.steps.StepInterceptor.intercept(StepInterceptor.java:56)
	at net.thucydides.showcase.cucumber.steps.serenity.loginsteps$$EnhancerByCGLIB$$21f0517c.opens_home_page(<generated>)
	at net.thucydides.showcase.cucumber.steps.loginstepdefinition.I_navigate_to_EDA_Login_Page(loginstepdefinition.java:18)
	at ✽.Given I navigate to EDA Login Page(src/test/resources/features/Login/login.feature:6)
Caused by: net.thucydides.core.webdriver.UnsupportedDriverException: Could not instantiate class org.openqa.selenium.chrome.ChromeDriver
	at net.thucydides.core.webdriver.WebDriverFactory.newWebdriverInstance(WebDriverFactory.java:202)
	at net.thucydides.core.webdriver.WebDriverFacade.newDriverInstance(WebDriverFacade.java:137)
	at net.thucydides.core.webdriver.WebDriverFacade.newProxyDriver(WebDriverFacade.java:128)
	at net.thucydides.core.webdriver.WebDriverFacade.getProxiedDriver(WebDriverFacade.java:100)
	at net.thucydides.core.webdriver.WebDriverFacade.openIgnoringHtmlUnitScriptErrors(WebDriverFacade.java:173)
	at net.thucydides.core.webdriver.WebDriverFacade.get(WebDriverFacade.java:168)
	at net.serenitybdd.core.pages.PageObject.openPageAtUrl(PageObject.java:836)
	at net.serenitybdd.core.pages.PageObject.open(PageObject.java:746)
	at net.serenitybdd.core.pages.PageObject.open(PageObject.java:734)
	at net.thucydides.showcase.cucumber.steps.serenity.loginsteps.opens_home_page(loginsteps.java:25)
	at net.thucydides.showcase.cucumber.steps.serenity.loginsteps$$EnhancerByCGLIB$$21f0517c.CGLIB$opens_home_page$2(<generated>)
	at net.thucydides.showcase.cucumber.steps.serenity.loginsteps$$EnhancerByCGLIB$$21f0517c$$FastClassByCGLIB$$b65aaf25.invoke(<generated>)
	at net.sf.cglib.proxy.MethodProxy.invokeSuper(MethodProxy.java:228)
	at net.thucydides.core.steps.StepInterceptor.invokeMethod(StepInterceptor.java:336)
	at net.thucydides.core.steps.StepInterceptor.executeTestStepMethod(StepInterceptor.java:321)
	at net.thucydides.core.steps.StepInterceptor.runTestStep(StepInterceptor.java:296)
	at net.thucydides.core.steps.StepInterceptor.testStepResult(StepInterceptor.java:129)
	at net.thucydides.core.steps.StepInterceptor.intercept(StepInterceptor.java:56)
	at net.thucydides.showcase.cucumber.steps.serenity.loginsteps$$EnhancerByCGLIB$$21f0517c.opens_home_page(<generated>)
	at net.thucydides.showcase.cucumber.steps.loginstepdefinition.I_navigate_to_EDA_Login_Page(loginstepdefinition.java:18)
	at sun.reflect.NativeMethodAccessorImpl.invoke0(Native Method)
	at sun.reflect.NativeMethodAccessorImpl.invoke(Unknown Source)
	at sun.reflect.DelegatingMethodAccessorImpl.invoke(Unknown Source)
	at java.lang.reflect.Method.invoke(Unknown Source)
	at cucumber.runtime.Utils$1.call(Utils.java:37)
	at cucumber.runtime.Timeout.timeout(Timeout.java:13)
	at cucumber.runtime.Utils.invoke(Utils.java:31)
	at cucumber.runtime.java.JavaStepDefinition.execute(JavaStepDefinition.java:38)
	at cucumber.runtime.StepDefinitionMatch.runStep(StepDefinitionMatch.java:37)
	at cucumber.runtime.Runtime.runStep(Runtime.java:299)
	at cucumber.runtime.model.StepContainer.runStep(StepContainer.java:44)
	at cucumber.runtime.model.StepContainer.runSteps(StepContainer.java:39)
	at cucumber.runtime.model.CucumberScenario.run(CucumberScenario.java:44)
	at cucumber.runtime.junit.ExecutionUnitRunner.run(ExecutionUnitRunner.java:91)
	at cucumber.runtime.junit.FeatureRunner.runChild(FeatureRunner.java:63)
	at cucumber.runtime.junit.FeatureRunner.runChild(FeatureRunner.java:18)
	at org.junit.runners.ParentRunner$3.run(ParentRunner.java:238)
	at org.junit.runners.ParentRunner$1.schedule(ParentRunner.java:63)
	at org.junit.runners.ParentRunner.runChildren(ParentRunner.java:236)
	at org.junit.runners.ParentRunner.access$000(ParentRunner.java:53)
	at org.junit.runners.ParentRunner$2.evaluate(ParentRunner.java:229)
	at org.junit.runners.ParentRunner.run(ParentRunner.java:309)
	at cucumber.runtime.junit.FeatureRunner.run(FeatureRunner.java:70)
	at cucumber.api.junit.Cucumber.runChild(Cucumber.java:93)
	at cucumber.api.junit.Cucumber.runChild(Cucumber.java:37)
	at org.junit.runners.ParentRunner$3.run(ParentRunner.java:238)
	at org.junit.runners.ParentRunner$1.schedule(ParentRunner.java:63)
	at org.junit.runners.ParentRunner.runChildren(ParentRunner.java:236)
	at org.junit.runners.ParentRunner.access$000(ParentRunner.java:53)
	at org.junit.runners.ParentRunner$2.evaluate(ParentRunner.java:229)
	at org.junit.runners.ParentRunner.run(ParentRunner.java:309)
	at cucumber.api.junit.Cucumber.run(Cucumber.java:98)
	at org.apache.maven.surefire.junit4.JUnit4Provider.execute(JUnit4Provider.java:283)
	at org.apache.maven.surefire.junit4.JUnit4Provider.executeWithRerun(JUnit4Provider.java:173)
	at org.apache.maven.surefire.junit4.JUnit4Provider.executeTestSet(JUnit4Provider.java:153)
	at org.apache.maven.surefire.junit4.JUnit4Provider.invoke(JUnit4Provider.java:128)
	at org.apache.maven.surefire.booter.ForkedBooter.invokeProviderInSameClassLoader(ForkedBooter.java:203)
	at org.apache.maven.surefire.booter.ForkedBooter.runSuitesInProcess(ForkedBooter.java:155)
	at org.apache.maven.surefire.booter.ForkedBooter.main(ForkedBooter.java:103)
Caused by: org.openqa.selenium.WebDriverException: unknown error: unable to discover open pages
  (Driver info: chromedriver=2.15.322448 (52179c1b310fec1797c81ea9a20326839860b7d3),platform=Windows NT 6.1 SP1 x86_64) (WARNING: The server did not provide any stacktrace information)
Command duration or timeout: 61.81 seconds
Build info: version: '2.46.0', revision: '61506a4624b13675f24581e453592342b7485d71', time: '2015-06-04 10:22:50'
System info: host: 'RETDAYV-7610028', ip: '138.12.51.129', os.name: 'Windows 7', os.arch: 'x86', os.version: '6.1', java.version: '1.8.0_20'
Driver info: org.openqa.selenium.chrome.ChromeDriver
	at sun.reflect.NativeConstructorAccessorImpl.newInstance0(Native Method)
	at sun.reflect.NativeConstructorAccessorImpl.newInstance(Unknown Source)
	at sun.reflect.DelegatingConstructorAccessorImpl.newInstance(Unknown Source)
	at java.lang.reflect.Constructor.newInstance(Unknown Source)
	at org.openqa.selenium.remote.ErrorHandler.createThrowable(ErrorHandler.java:204)
	at org.openqa.selenium.remote.ErrorHandler.throwIfResponseFailed(ErrorHandler.java:156)
	at org.openqa.selenium.remote.RemoteWebDriver.execute(RemoteWebDriver.java:605)
	at org.openqa.selenium.remote.RemoteWebDriver.startSession(RemoteWebDriver.java:242)
	at org.openqa.selenium.remote.RemoteWebDriver.<init>(RemoteWebDriver.java:128)
	at org.openqa.selenium.remote.RemoteWebDriver.<init>(RemoteWebDriver.java:141)
	at org.openqa.selenium.chrome.ChromeDriver.<init>(ChromeDriver.java:170)
	at org.openqa.selenium.chrome.ChromeDriver.<init>(ChromeDriver.java:138)
	at net.thucydides.core.webdriver.WebdriverInstanceFactory.newChromeDriver(WebdriverInstanceFactory.java:65)
	at net.thucydides.core.webdriver.WebDriverFactory.chromeDriver(WebDriverFactory.java:499)
	at net.thucydides.core.webdriver.WebDriverFactory.newWebdriverInstance(WebDriverFactory.java:184)
	at net.thucydides.core.webdriver.WebDriverFacade.newDriverInstance(WebDriverFacade.java:137)
	at net.thucydides.core.webdriver.WebDriverFacade.newProxyDriver(WebDriverFacade.java:128)
	at net.thucydides.core.webdriver.WebDriverFacade.getProxiedDriver(WebDriverFacade.java:100)
	at net.thucydides.core.webdriver.WebDriverFacade.openIgnoringHtmlUnitScriptErrors(WebDriverFacade.java:173)
	at net.thucydides.core.webdriver.WebDriverFacade.get(WebDriverFacade.java:168)
	at net.serenitybdd.core.pages.PageObject.openPageAtUrl(PageObject.java:836)
	at net.serenitybdd.core.pages.PageObject.open(PageObject.java:746)
	at net.serenitybdd.core.pages.PageObject.open(PageObject.java:734)
	at net.thucydides.showcase.cucumber.steps.serenity.loginsteps.opens_home_page(loginsteps.java:25)
	at net.thucydides.showcase.cucumber.steps.serenity.loginsteps$$EnhancerByCGLIB$$21f0517c.CGLIB$opens_home_page$2(<generated>)
	at net.thucydides.showcase.cucumber.steps.serenity.loginsteps$$EnhancerByCGLIB$$21f0517c$$FastClassByCGLIB$$b65aaf25.invoke(<generated>)
	at net.sf.cglib.proxy.MethodProxy.invokeSuper(MethodProxy.java:228)
	at net.thucydides.core.steps.StepInterceptor.invokeMethod(StepInterceptor.java:336)
	at net.thucydides.core.steps.StepInterceptor.executeTestStepMethod(StepInterceptor.java:321)
	at net.thucydides.core.steps.StepInterceptor.runTestStep(StepInterceptor.java:296)
	at net.thucydides.core.steps.StepInterceptor.testStepResult(StepInterceptor.java:129)
	at net.thucydides.core.steps.StepInterceptor.intercept(StepInterceptor.java:56)
	at net.thucydides.showcase.cucumber.steps.serenity.loginsteps$$EnhancerByCGLIB$$21f0517c.opens_home_page(<generated>)
	at net.thucydides.showcase.cucumber.steps.loginstepdefinition.I_navigate_to_EDA_Login_Page(loginstepdefinition.java:18)
	at sun.reflect.NativeMethodAccessorImpl.invoke0(Native Method)
	at sun.reflect.NativeMethodAccessorImpl.invoke(Unknown Source)
	at sun.reflect.DelegatingMethodAccessorImpl.invoke(Unknown Source)
	at java.lang.reflect.Method.invoke(Unknown Source)
	at cucumber.runtime.Utils$1.call(Utils.java:37)
	at cucumber.runtime.Timeout.timeout(Timeout.java:13)
	at cucumber.runtime.Utils.invoke(Utils.java:31)
	at cucumber.runtime.java.JavaStepDefinition.execute(JavaStepDefinition.java:38)
	at cucumber.runtime.StepDefinitionMatch.runStep(StepDefinitionMatch.java:37)
	at cucumber.runtime.Runtime.runStep(Runtime.java:299)
	at cucumber.runtime.model.StepContainer.runStep(StepContainer.java:44)
	at cucumber.runtime.model.StepContainer.runSteps(StepContainer.java:39)
	at cucumber.runtime.model.CucumberScenario.run(CucumberScenario.java:44)
	at cucumber.runtime.junit.ExecutionUnitRunner.run(ExecutionUnitRunner.java:91)
	at cucumber.runtime.junit.FeatureRunner.runChild(FeatureRunner.java:63)
	at cucumber.runtime.junit.FeatureRunner.runChild(FeatureRunner.java:18)
	at org.junit.runners.ParentRunner$3.run(ParentRunner.java:238)
	at org.junit.runners.ParentRunner$1.schedule(ParentRunner.java:63)
	at org.junit.runners.ParentRunner.runChildren(ParentRunner.java:236)
	at org.junit.runners.ParentRunner.access$000(ParentRunner.java:53)
	at org.junit.runners.ParentRunner$2.evaluate(ParentRunner.java:229)
	at org.junit.runners.ParentRunner.run(ParentRunner.java:309)
	at cucumber.runtime.junit.FeatureRunner.run(FeatureRunner.java:70)
	at cucumber.api.junit.Cucumber.runChild(Cucumber.java:93)
	at cucumber.api.junit.Cucumber.runChild(Cucumber.java:37)
	at org.junit.runners.ParentRunner$3.run(ParentRunner.java:238)
	at org.junit.runners.ParentRunner$1.schedule(ParentRunner.java:63)
	at org.junit.runners.ParentRunner.runChildren(ParentRunner.java:236)
	at org.junit.runners.ParentRunner.access$000(ParentRunner.java:53)
	at org.junit.runners.ParentRunner$2.evaluate(ParentRunner.java:229)
	at org.junit.runners.ParentRunner.run(ParentRunner.java:309)
	at cucumber.api.junit.Cucumber.run(Cucumber.java:98)
	at org.apache.maven.surefire.junit4.JUnit4Provider.execute(JUnit4Provider.java:283)
	at org.apache.maven.surefire.junit4.JUnit4Provider.executeWithRerun(JUnit4Provider.java:173)
	at org.apache.maven.surefire.junit4.JUnit4Provider.executeTestSet(JUnit4Provider.java:153)
	at org.apache.maven.surefire.junit4.JUnit4Provider.invoke(JUnit4Provider.java:128)
	at org.apache.maven.surefire.booter.ForkedBooter.invokeProviderInSameClassLoader(ForkedBooter.java:203)
	at org.apache.maven.surefire.booter.ForkedBooter.runSuitesInProcess(ForkedBooter.java:155)
	at org.apache.maven.surefire.booter.ForkedBooter.main(ForkedBooter.java:103)
]]></error>
    <system-err><![CDATA[165 [main] INFO net.thucydides.core.util.PropertiesFileLocalPreferences - LOADING LOCAL PROPERTIES FROM C:\Users\gunasegx\Desktop\cucumber-webtests\serenity.properties 
167 [main] INFO net.thucydides.core.util.PropertiesFileLocalPreferences - LOADING LOCAL PROPERTIES FROM C:\Users\gunasegx\Desktop\cucumber-webtests\serenity.properties 
169 [main] INFO net.thucydides.core.util.PropertiesFileLocalPreferences - webdriver.chrome.driver=C:\chromedriver.exe
169 [main] INFO net.thucydides.core.util.PropertiesFileLocalPreferences - serenity.browser,height=1200
169 [main] INFO net.thucydides.core.util.PropertiesFileLocalPreferences - serenity.dry.run=false
169 [main] INFO net.thucydides.core.util.PropertiesFileLocalPreferences - serenity.test.root=net.thucydides.showcase.cucumber.junit
170 [main] INFO net.thucydides.core.util.PropertiesFileLocalPreferences - webdriver.base.url=http://lngsead-4144884.legal.regn.net
170 [main] INFO net.thucydides.core.util.PropertiesFileLocalPreferences - serenity.project.name=Demo Project using Serenity and Cucumber
170 [main] INFO net.thucydides.core.util.PropertiesFileLocalPreferences - serenity.browser,width=1200
170 [main] INFO net.thucydides.core.util.PropertiesFileLocalPreferences - serenity.use.unique.browser=false
170 [main] INFO net.thucydides.core.util.PropertiesFileLocalPreferences - webdriver.timeouts.implicitlywait=5000
170 [main] INFO net.thucydides.core.util.PropertiesFileLocalPreferences - serenity.take.screenshots=AFTER_EACH_STEP
1431 [main] INFO net.serenitybdd.core.Serenity - 

-------------------------------------------------------------------------------------
     _______. _______ .______       _______ .__   __.  __  .___________.____    ____ 
    /       ||   ____||   _  \     |   ____||  \ |  | |  | |           |\   \  /   / 
   |   (----`|  |__   |  |_)  |    |  |__   |   \|  | |  | `---|  |----` \   \/   /  
    \   \    |   __|  |      /     |   __|  |  . `  | |  |     |  |       \_    _/   
.----)   |   |  |____ |  |\  \----.|  |____ |  |\   | |  |     |  |         |  |     
|_______/    |_______|| _| `._____||_______||__| \__| |__|     |__|         |__|    
-------------------------------------------------------------------------------------

1453 [main] INFO net.serenitybdd.core.Serenity - Test Suite Started: EDA Login
1574 [main] INFO net.serenitybdd.core.Serenity - 
  _____ _____ ____ _____   ____ _____  _    ____ _____ _____ ____  
 |_   _| ____/ ___|_   _| / ___|_   _|/ \  |  _ \_   _| ____|  _ \ 
   | | |  _| \___ \ | |   \___ \ | | / _ \ | |_) || | |  _| | | | |
   | | | |___ ___) || |    ___) || |/ ___ \|  _ < | | | |___| |_| |
   |_| |_____|____/ |_|   |____/ |_/_/   \_\_| \_\|_| |_____|____/ 
                                                                   

TEST STARTED: Login
--------------------------------------------------------------------
2677 [main] INFO net.thucydides.core.steps.StepInterceptor - STARTING STEP: loginstepdefinition.I_navigate_to_EDA_Login_Page - opens_home_page
Starting ChromeDriver 2.15.322448 (52179c1b310fec1797c81ea9a20326839860b7d3) on port 13711
Only local connections are allowed.
Jun 13, 2016 7:02:28 AM org.openqa.selenium.os.UnixProcess$SeleniumWatchDog destroyHarder
INFO: Command failed to close cleanly. Destroying forcefully (v2). org.openqa.selenium.os.UnixProcess$SeleniumWatchDog@178fdb1
66925 [main] ERROR net.thucydides.core.webdriver.WebDriverFacade - FAILED TO CREATE NEW WEBDRIVER_DRIVER INSTANCE class org.openqa.selenium.chrome.ChromeDriver: Could not instantiate class org.openqa.selenium.chrome.ChromeDriver
net.thucydides.core.webdriver.UnsupportedDriverException: Could not instantiate class org.openqa.selenium.chrome.ChromeDriver
	at net.thucydides.core.webdriver.WebDriverFactory.newWebdriverInstance(WebDriverFactory.java:202)
	at net.thucydides.core.webdriver.WebDriverFacade.newDriverInstance(WebDriverFacade.java:137)
	at net.thucydides.core.webdriver.WebDriverFacade.newProxyDriver(WebDriverFacade.java:128)
	at net.thucydides.core.webdriver.WebDriverFacade.getProxiedDriver(WebDriverFacade.java:100)
	at net.thucydides.core.webdriver.WebDriverFacade.openIgnoringHtmlUnitScriptErrors(WebDriverFacade.java:173)
	at net.thucydides.core.webdriver.WebDriverFacade.get(WebDriverFacade.java:168)
	at net.serenitybdd.core.pages.PageObject.openPageAtUrl(PageObject.java:836)
	at net.serenitybdd.core.pages.PageObject.open(PageObject.java:746)
	at net.serenitybdd.core.pages.PageObject.open(PageObject.java:734)
	at net.thucydides.showcase.cucumber.steps.serenity.loginsteps.opens_home_page(loginsteps.java:25)
	at net.thucydides.showcase.cucumber.steps.serenity.loginsteps$$EnhancerByCGLIB$$21f0517c.CGLIB$opens_home_page$2(<generated>)
	at net.thucydides.showcase.cucumber.steps.serenity.loginsteps$$EnhancerByCGLIB$$21f0517c$$FastClassByCGLIB$$b65aaf25.invoke(<generated>)
	at net.sf.cglib.proxy.MethodProxy.invokeSuper(MethodProxy.java:228)
	at net.thucydides.core.steps.StepInterceptor.invokeMethod(StepInterceptor.java:336)
	at net.thucydides.core.steps.StepInterceptor.executeTestStepMethod(StepInterceptor.java:321)
	at net.thucydides.core.steps.StepInterceptor.runTestStep(StepInterceptor.java:296)
	at net.thucydides.core.steps.StepInterceptor.testStepResult(StepInterceptor.java:129)
	at net.thucydides.core.steps.StepInterceptor.intercept(StepInterceptor.java:56)
	at net.thucydides.showcase.cucumber.steps.serenity.loginsteps$$EnhancerByCGLIB$$21f0517c.opens_home_page(<generated>)
	at net.thucydides.showcase.cucumber.steps.loginstepdefinition.I_navigate_to_EDA_Login_Page(loginstepdefinition.java:18)
	at sun.reflect.NativeMethodAccessorImpl.invoke0(Native Method)
	at sun.reflect.NativeMethodAccessorImpl.invoke(Unknown Source)
	at sun.reflect.DelegatingMethodAccessorImpl.invoke(Unknown Source)
	at java.lang.reflect.Method.invoke(Unknown Source)
	at cucumber.runtime.Utils$1.call(Utils.java:37)
	at cucumber.runtime.Timeout.timeout(Timeout.java:13)
	at cucumber.runtime.Utils.invoke(Utils.java:31)
	at cucumber.runtime.java.JavaStepDefinition.execute(JavaStepDefinition.java:38)
	at cucumber.runtime.StepDefinitionMatch.runStep(StepDefinitionMatch.java:37)
	at cucumber.runtime.Runtime.runStep(Runtime.java:299)
	at cucumber.runtime.model.StepContainer.runStep(StepContainer.java:44)
	at cucumber.runtime.model.StepContainer.runSteps(StepContainer.java:39)
	at cucumber.runtime.model.CucumberScenario.run(CucumberScenario.java:44)
	at cucumber.runtime.junit.ExecutionUnitRunner.run(ExecutionUnitRunner.java:91)
	at cucumber.runtime.junit.FeatureRunner.runChild(FeatureRunner.java:63)
	at cucumber.runtime.junit.FeatureRunner.runChild(FeatureRunner.java:18)
	at org.junit.runners.ParentRunner$3.run(ParentRunner.java:238)
	at org.junit.runners.ParentRunner$1.schedule(ParentRunner.java:63)
	at org.junit.runners.ParentRunner.runChildren(ParentRunner.java:236)
	at org.junit.runners.ParentRunner.access$000(ParentRunner.java:53)
	at org.junit.runners.ParentRunner$2.evaluate(ParentRunner.java:229)
	at org.junit.runners.ParentRunner.run(ParentRunner.java:309)
	at cucumber.runtime.junit.FeatureRunner.run(FeatureRunner.java:70)
	at cucumber.api.junit.Cucumber.runChild(Cucumber.java:93)
	at cucumber.api.junit.Cucumber.runChild(Cucumber.java:37)
	at org.junit.runners.ParentRunner$3.run(ParentRunner.java:238)
	at org.junit.runners.ParentRunner$1.schedule(ParentRunner.java:63)
	at org.junit.runners.ParentRunner.runChildren(ParentRunner.java:236)
	at org.junit.runners.ParentRunner.access$000(ParentRunner.java:53)
	at org.junit.runners.ParentRunner$2.evaluate(ParentRunner.java:229)
	at org.junit.runners.ParentRunner.run(ParentRunner.java:309)
	at cucumber.api.junit.Cucumber.run(Cucumber.java:98)
	at org.apache.maven.surefire.junit4.JUnit4Provider.execute(JUnit4Provider.java:283)
	at org.apache.maven.surefire.junit4.JUnit4Provider.executeWithRerun(JUnit4Provider.java:173)
	at org.apache.maven.surefire.junit4.JUnit4Provider.executeTestSet(JUnit4Provider.java:153)
	at org.apache.maven.surefire.junit4.JUnit4Provider.invoke(JUnit4Provider.java:128)
	at org.apache.maven.surefire.booter.ForkedBooter.invokeProviderInSameClassLoader(ForkedBooter.java:203)
	at org.apache.maven.surefire.booter.ForkedBooter.runSuitesInProcess(ForkedBooter.java:155)
	at org.apache.maven.surefire.booter.ForkedBooter.main(ForkedBooter.java:103)
Caused by: org.openqa.selenium.WebDriverException: unknown error: unable to discover open pages
  (Driver info: chromedriver=2.15.322448 (52179c1b310fec1797c81ea9a20326839860b7d3),platform=Windows NT 6.1 SP1 x86_64) (WARNING: The server did not provide any stacktrace information)
Command duration or timeout: 61.81 seconds
Build info: version: '2.46.0', revision: '61506a4624b13675f24581e453592342b7485d71', time: '2015-06-04 10:22:50'
System info: host: 'RETDAYV-7610028', ip: '138.12.51.129', os.name: 'Windows 7', os.arch: 'x86', os.version: '6.1', java.version: '1.8.0_20'
Driver info: org.openqa.selenium.chrome.ChromeDriver
	at sun.reflect.NativeConstructorAccessorImpl.newInstance0(Native Method)
	at sun.reflect.NativeConstructorAccessorImpl.newInstance(Unknown Source)
	at sun.reflect.DelegatingConstructorAccessorImpl.newInstance(Unknown Source)
	at java.lang.reflect.Constructor.newInstance(Unknown Source)
	at org.openqa.selenium.remote.ErrorHandler.createThrowable(ErrorHandler.java:204)
	at org.openqa.selenium.remote.ErrorHandler.throwIfResponseFailed(ErrorHandler.java:156)
	at org.openqa.selenium.remote.RemoteWebDriver.execute(RemoteWebDriver.java:605)
	at org.openqa.selenium.remote.RemoteWebDriver.startSession(RemoteWebDriver.java:242)
	at org.openqa.selenium.remote.RemoteWebDriver.<init>(RemoteWebDriver.java:128)
	at org.openqa.selenium.remote.RemoteWebDriver.<init>(RemoteWebDriver.java:141)
	at org.openqa.selenium.chrome.ChromeDriver.<init>(ChromeDriver.java:170)
	at org.openqa.selenium.chrome.ChromeDriver.<init>(ChromeDriver.java:138)
	at net.thucydides.core.webdriver.WebdriverInstanceFactory.newChromeDriver(WebdriverInstanceFactory.java:65)
	at net.thucydides.core.webdriver.WebDriverFactory.chromeDriver(WebDriverFactory.java:499)
	at net.thucydides.core.webdriver.WebDriverFactory.newWebdriverInstance(WebDriverFactory.java:184)
	... 58 more
66982 [main] INFO net.serenitybdd.core.Serenity - STEP FAILED: net.thucydides.core.webdriver.UnsupportedDriverException: Could not instantiate class org.openqa.selenium.chrome.ChromeDriver
]]></system-err>
  </testcase>
  <testcase name="Scenario: Login" classname="Scenario: Login" time="0.02">
    <error message="Could not instantiate class org.openqa.selenium.chrome.ChromeDriver" type="net.thucydides.core.webdriver.UnsupportedDriverException"><![CDATA[net.thucydides.core.webdriver.UnsupportedDriverException: Could not instantiate class org.openqa.selenium.chrome.ChromeDriver
	at net.thucydides.core.webdriver.WebDriverFacade.newDriverInstance(WebDriverFacade.java:141)
	at net.thucydides.core.webdriver.WebDriverFacade.newProxyDriver(WebDriverFacade.java:128)
	at net.thucydides.core.webdriver.WebDriverFacade.getProxiedDriver(WebDriverFacade.java:100)
	at net.thucydides.core.webdriver.WebDriverFacade.openIgnoringHtmlUnitScriptErrors(WebDriverFacade.java:173)
	at net.thucydides.core.webdriver.WebDriverFacade.get(WebDriverFacade.java:168)
	at net.serenitybdd.core.pages.PageObject.openPageAtUrl(PageObject.java:836)
	at net.serenitybdd.core.pages.PageObject.open(PageObject.java:746)
	at net.serenitybdd.core.pages.PageObject.open(PageObject.java:734)
	at net.thucydides.showcase.cucumber.steps.serenity.loginsteps.opens_home_page(loginsteps.java:25)
	at net.thucydides.showcase.cucumber.steps.serenity.loginsteps$$EnhancerByCGLIB$$21f0517c.CGLIB$opens_home_page$2(<generated>)
	at net.thucydides.showcase.cucumber.steps.serenity.loginsteps$$EnhancerByCGLIB$$21f0517c$$FastClassByCGLIB$$b65aaf25.invoke(<generated>)
	at net.sf.cglib.proxy.MethodProxy.invokeSuper(MethodProxy.java:228)
	at net.thucydides.core.steps.StepInterceptor.invokeMethod(StepInterceptor.java:336)
	at net.thucydides.core.steps.StepInterceptor.executeTestStepMethod(StepInterceptor.java:321)
	at net.thucydides.core.steps.StepInterceptor.runTestStep(StepInterceptor.java:296)
	at net.thucydides.core.steps.StepInterceptor.testStepResult(StepInterceptor.java:129)
	at net.thucydides.core.steps.StepInterceptor.intercept(StepInterceptor.java:56)
	at net.thucydides.showcase.cucumber.steps.serenity.loginsteps$$EnhancerByCGLIB$$21f0517c.opens_home_page(<generated>)
	at net.thucydides.showcase.cucumber.steps.loginstepdefinition.I_navigate_to_EDA_Login_Page(loginstepdefinition.java:18)
	at ✽.Given I navigate to EDA Login Page(src/test/resources/features/Login/login.feature:6)
Caused by: net.thucydides.core.webdriver.UnsupportedDriverException: Could not instantiate class org.openqa.selenium.chrome.ChromeDriver
	at net.thucydides.core.webdriver.WebDriverFactory.newWebdriverInstance(WebDriverFactory.java:202)
	at net.thucydides.core.webdriver.WebDriverFacade.newDriverInstance(WebDriverFacade.java:137)
	at net.thucydides.core.webdriver.WebDriverFacade.newProxyDriver(WebDriverFacade.java:128)
	at net.thucydides.core.webdriver.WebDriverFacade.getProxiedDriver(WebDriverFacade.java:100)
	at net.thucydides.core.webdriver.WebDriverFacade.openIgnoringHtmlUnitScriptErrors(WebDriverFacade.java:173)
	at net.thucydides.core.webdriver.WebDriverFacade.get(WebDriverFacade.java:168)
	at net.serenitybdd.core.pages.PageObject.openPageAtUrl(PageObject.java:836)
	at net.serenitybdd.core.pages.PageObject.open(PageObject.java:746)
	at net.serenitybdd.core.pages.PageObject.open(PageObject.java:734)
	at net.thucydides.showcase.cucumber.steps.serenity.loginsteps.opens_home_page(loginsteps.java:25)
	at net.thucydides.showcase.cucumber.steps.serenity.loginsteps$$EnhancerByCGLIB$$21f0517c.CGLIB$opens_home_page$2(<generated>)
	at net.thucydides.showcase.cucumber.steps.serenity.loginsteps$$EnhancerByCGLIB$$21f0517c$$FastClassByCGLIB$$b65aaf25.invoke(<generated>)
	at net.sf.cglib.proxy.MethodProxy.invokeSuper(MethodProxy.java:228)
	at net.thucydides.core.steps.StepInterceptor.invokeMethod(StepInterceptor.java:336)
	at net.thucydides.core.steps.StepInterceptor.executeTestStepMethod(StepInterceptor.java:321)
	at net.thucydides.core.steps.StepInterceptor.runTestStep(StepInterceptor.java:296)
	at net.thucydides.core.steps.StepInterceptor.testStepResult(StepInterceptor.java:129)
	at net.thucydides.core.steps.StepInterceptor.intercept(StepInterceptor.java:56)
	at net.thucydides.showcase.cucumber.steps.serenity.loginsteps$$EnhancerByCGLIB$$21f0517c.opens_home_page(<generated>)
	at net.thucydides.showcase.cucumber.steps.loginstepdefinition.I_navigate_to_EDA_Login_Page(loginstepdefinition.java:18)
	at sun.reflect.NativeMethodAccessorImpl.invoke0(Native Method)
	at sun.reflect.NativeMethodAccessorImpl.invoke(Unknown Source)
	at sun.reflect.DelegatingMethodAccessorImpl.invoke(Unknown Source)
	at java.lang.reflect.Method.invoke(Unknown Source)
	at cucumber.runtime.Utils$1.call(Utils.java:37)
	at cucumber.runtime.Timeout.timeout(Timeout.java:13)
	at cucumber.runtime.Utils.invoke(Utils.java:31)
	at cucumber.runtime.java.JavaStepDefinition.execute(JavaStepDefinition.java:38)
	at cucumber.runtime.StepDefinitionMatch.runStep(StepDefinitionMatch.java:37)
	at cucumber.runtime.Runtime.runStep(Runtime.java:299)
	at cucumber.runtime.model.StepContainer.runStep(StepContainer.java:44)
	at cucumber.runtime.model.StepContainer.runSteps(StepContainer.java:39)
	at cucumber.runtime.model.CucumberScenario.run(CucumberScenario.java:44)
	at cucumber.runtime.junit.ExecutionUnitRunner.run(ExecutionUnitRunner.java:91)
	at cucumber.runtime.junit.FeatureRunner.runChild(FeatureRunner.java:63)
	at cucumber.runtime.junit.FeatureRunner.runChild(FeatureRunner.java:18)
	at org.junit.runners.ParentRunner$3.run(ParentRunner.java:238)
	at org.junit.runners.ParentRunner$1.schedule(ParentRunner.java:63)
	at org.junit.runners.ParentRunner.runChildren(ParentRunner.java:236)
	at org.junit.runners.ParentRunner.access$000(ParentRunner.java:53)
	at org.junit.runners.ParentRunner$2.evaluate(ParentRunner.java:229)
	at org.junit.runners.ParentRunner.run(ParentRunner.java:309)
	at cucumber.runtime.junit.FeatureRunner.run(FeatureRunner.java:70)
	at cucumber.api.junit.Cucumber.runChild(Cucumber.java:93)
	at cucumber.api.junit.Cucumber.runChild(Cucumber.java:37)
	at org.junit.runners.ParentRunner$3.run(ParentRunner.java:238)
	at org.junit.runners.ParentRunner$1.schedule(ParentRunner.java:63)
	at org.junit.runners.ParentRunner.runChildren(ParentRunner.java:236)
	at org.junit.runners.ParentRunner.access$000(ParentRunner.java:53)
	at org.junit.runners.ParentRunner$2.evaluate(ParentRunner.java:229)
	at org.junit.runners.ParentRunner.run(ParentRunner.java:309)
	at cucumber.api.junit.Cucumber.run(Cucumber.java:98)
	at org.apache.maven.surefire.junit4.JUnit4Provider.execute(JUnit4Provider.java:283)
	at org.apache.maven.surefire.junit4.JUnit4Provider.executeWithRerun(JUnit4Provider.java:173)
	at org.apache.maven.surefire.junit4.JUnit4Provider.executeTestSet(JUnit4Provider.java:153)
	at org.apache.maven.surefire.junit4.JUnit4Provider.invoke(JUnit4Provider.java:128)
	at org.apache.maven.surefire.booter.ForkedBooter.invokeProviderInSameClassLoader(ForkedBooter.java:203)
	at org.apache.maven.surefire.booter.ForkedBooter.runSuitesInProcess(ForkedBooter.java:155)
	at org.apache.maven.surefire.booter.ForkedBooter.main(ForkedBooter.java:103)
Caused by: org.openqa.selenium.WebDriverException: unknown error: unable to discover open pages
  (Driver info: chromedriver=2.15.322448 (52179c1b310fec1797c81ea9a20326839860b7d3),platform=Windows NT 6.1 SP1 x86_64) (WARNING: The server did not provide any stacktrace information)
Command duration or timeout: 61.81 seconds
Build info: version: '2.46.0', revision: '61506a4624b13675f24581e453592342b7485d71', time: '2015-06-04 10:22:50'
System info: host: 'RETDAYV-7610028', ip: '138.12.51.129', os.name: 'Windows 7', os.arch: 'x86', os.version: '6.1', java.version: '1.8.0_20'
Driver info: org.openqa.selenium.chrome.ChromeDriver
	at sun.reflect.NativeConstructorAccessorImpl.newInstance0(Native Method)
	at sun.reflect.NativeConstructorAccessorImpl.newInstance(Unknown Source)
	at sun.reflect.DelegatingConstructorAccessorImpl.newInstance(Unknown Source)
	at java.lang.reflect.Constructor.newInstance(Unknown Source)
	at org.openqa.selenium.remote.ErrorHandler.createThrowable(ErrorHandler.java:204)
	at org.openqa.selenium.remote.ErrorHandler.throwIfResponseFailed(ErrorHandler.java:156)
	at org.openqa.selenium.remote.RemoteWebDriver.execute(RemoteWebDriver.java:605)
	at org.openqa.selenium.remote.RemoteWebDriver.startSession(RemoteWebDriver.java:242)
	at org.openqa.selenium.remote.RemoteWebDriver.<init>(RemoteWebDriver.java:128)
	at org.openqa.selenium.remote.RemoteWebDriver.<init>(RemoteWebDriver.java:141)
	at org.openqa.selenium.chrome.ChromeDriver.<init>(ChromeDriver.java:170)
	at org.openqa.selenium.chrome.ChromeDriver.<init>(ChromeDriver.java:138)
	at net.thucydides.core.webdriver.WebdriverInstanceFactory.newChromeDriver(WebdriverInstanceFactory.java:65)
	at net.thucydides.core.webdriver.WebDriverFactory.chromeDriver(WebDriverFactory.java:499)
	at net.thucydides.core.webdriver.WebDriverFactory.newWebdriverInstance(WebDriverFactory.java:184)
	at net.thucydides.core.webdriver.WebDriverFacade.newDriverInstance(WebDriverFacade.java:137)
	at net.thucydides.core.webdriver.WebDriverFacade.newProxyDriver(WebDriverFacade.java:128)
	at net.thucydides.core.webdriver.WebDriverFacade.getProxiedDriver(WebDriverFacade.java:100)
	at net.thucydides.core.webdriver.WebDriverFacade.openIgnoringHtmlUnitScriptErrors(WebDriverFacade.java:173)
	at net.thucydides.core.webdriver.WebDriverFacade.get(WebDriverFacade.java:168)
	at net.serenitybdd.core.pages.PageObject.openPageAtUrl(PageObject.java:836)
	at net.serenitybdd.core.pages.PageObject.open(PageObject.java:746)
	at net.serenitybdd.core.pages.PageObject.open(PageObject.java:734)
	at net.thucydides.showcase.cucumber.steps.serenity.loginsteps.opens_home_page(loginsteps.java:25)
	at net.thucydides.showcase.cucumber.steps.serenity.loginsteps$$EnhancerByCGLIB$$21f0517c.CGLIB$opens_home_page$2(<generated>)
	at net.thucydides.showcase.cucumber.steps.serenity.loginsteps$$EnhancerByCGLIB$$21f0517c$$FastClassByCGLIB$$b65aaf25.invoke(<generated>)
	at net.sf.cglib.proxy.MethodProxy.invokeSuper(MethodProxy.java:228)
	at net.thucydides.core.steps.StepInterceptor.invokeMethod(StepInterceptor.java:336)
	at net.thucydides.core.steps.StepInterceptor.executeTestStepMethod(StepInterceptor.java:321)
	at net.thucydides.core.steps.StepInterceptor.runTestStep(StepInterceptor.java:296)
	at net.thucydides.core.steps.StepInterceptor.testStepResult(StepInterceptor.java:129)
	at net.thucydides.core.steps.StepInterceptor.intercept(StepInterceptor.java:56)
	at net.thucydides.showcase.cucumber.steps.serenity.loginsteps$$EnhancerByCGLIB$$21f0517c.opens_home_page(<generated>)
	at net.thucydides.showcase.cucumber.steps.loginstepdefinition.I_navigate_to_EDA_Login_Page(loginstepdefinition.java:18)
	at sun.reflect.NativeMethodAccessorImpl.invoke0(Native Method)
	at sun.reflect.NativeMethodAccessorImpl.invoke(Unknown Source)
	at sun.reflect.DelegatingMethodAccessorImpl.invoke(Unknown Source)
	at java.lang.reflect.Method.invoke(Unknown Source)
	at cucumber.runtime.Utils$1.call(Utils.java:37)
	at cucumber.runtime.Timeout.timeout(Timeout.java:13)
	at cucumber.runtime.Utils.invoke(Utils.java:31)
	at cucumber.runtime.java.JavaStepDefinition.execute(JavaStepDefinition.java:38)
	at cucumber.runtime.StepDefinitionMatch.runStep(StepDefinitionMatch.java:37)
	at cucumber.runtime.Runtime.runStep(Runtime.java:299)
	at cucumber.runtime.model.StepContainer.runStep(StepContainer.java:44)
	at cucumber.runtime.model.StepContainer.runSteps(StepContainer.java:39)
	at cucumber.runtime.model.CucumberScenario.run(CucumberScenario.java:44)
	at cucumber.runtime.junit.ExecutionUnitRunner.run(ExecutionUnitRunner.java:91)
	at cucumber.runtime.junit.FeatureRunner.runChild(FeatureRunner.java:63)
	at cucumber.runtime.junit.FeatureRunner.runChild(FeatureRunner.java:18)
	at org.junit.runners.ParentRunner$3.run(ParentRunner.java:238)
	at org.junit.runners.ParentRunner$1.schedule(ParentRunner.java:63)
	at org.junit.runners.ParentRunner.runChildren(ParentRunner.java:236)
	at org.junit.runners.ParentRunner.access$000(ParentRunner.java:53)
	at org.junit.runners.ParentRunner$2.evaluate(ParentRunner.java:229)
	at org.junit.runners.ParentRunner.run(ParentRunner.java:309)
	at cucumber.runtime.junit.FeatureRunner.run(FeatureRunner.java:70)
	at cucumber.api.junit.Cucumber.runChild(Cucumber.java:93)
	at cucumber.api.junit.Cucumber.runChild(Cucumber.java:37)
	at org.junit.runners.ParentRunner$3.run(ParentRunner.java:238)
	at org.junit.runners.ParentRunner$1.schedule(ParentRunner.java:63)
	at org.junit.runners.ParentRunner.runChildren(ParentRunner.java:236)
	at org.junit.runners.ParentRunner.access$000(ParentRunner.java:53)
	at org.junit.runners.ParentRunner$2.evaluate(ParentRunner.java:229)
	at org.junit.runners.ParentRunner.run(ParentRunner.java:309)
	at cucumber.api.junit.Cucumber.run(Cucumber.java:98)
	at org.apache.maven.surefire.junit4.JUnit4Provider.execute(JUnit4Provider.java:283)
	at org.apache.maven.surefire.junit4.JUnit4Provider.executeWithRerun(JUnit4Provider.java:173)
	at org.apache.maven.surefire.junit4.JUnit4Provider.executeTestSet(JUnit4Provider.java:153)
	at org.apache.maven.surefire.junit4.JUnit4Provider.invoke(JUnit4Provider.java:128)
	at org.apache.maven.surefire.booter.ForkedBooter.invokeProviderInSameClassLoader(ForkedBooter.java:203)
	at org.apache.maven.surefire.booter.ForkedBooter.runSuitesInProcess(ForkedBooter.java:155)
	at org.apache.maven.surefire.booter.ForkedBooter.main(ForkedBooter.java:103)
]]></error>
  </testcase>
  <testcase name="When I provide Username and Password" classname="Scenario: Login" time="0">
    <skipped/>
    <system-err><![CDATA[67017 [main] INFO net.serenitybdd.core.Serenity - STEP FAILED: net.thucydides.core.webdriver.UnsupportedDriverException: Could not instantiate class org.openqa.selenium.chrome.ChromeDriver
]]></system-err>
  </testcase>
  <testcase name="And I Click on Login button" classname="Scenario: Login" time="0">
    <skipped/>
  </testcase>
  <testcase name="Then Home Page should be Displayed" classname="Scenario: Login" time="0">
    <skipped/>
  </testcase>
  <testcase name="Given Manage Administrator Page is displayed" classname="| Gurunathan41 | Admin | User | charles@lexisnexis.com | Gpassword123! |" time="0">
    <error message="Could not instantiate class org.openqa.selenium.chrome.ChromeDriver" type="net.thucydides.core.webdriver.UnsupportedDriverException"><![CDATA[net.thucydides.core.webdriver.UnsupportedDriverException: Could not instantiate class org.openqa.selenium.chrome.ChromeDriver
	at net.thucydides.core.webdriver.WebDriverFacade.newDriverInstance(WebDriverFacade.java:141)
	at net.thucydides.core.webdriver.WebDriverFacade.newProxyDriver(WebDriverFacade.java:128)
	at net.thucydides.core.webdriver.WebDriverFacade.getProxiedDriver(WebDriverFacade.java:100)
	at net.thucydides.core.webdriver.WebDriverFacade.getCurrentImplicitTimeout(WebDriverFacade.java:258)
	at net.thucydides.core.webdriver.WebdriverInstances.getCurrentImplicitTimeout(WebdriverInstances.java:113)
	at net.thucydides.core.annotations.locators.SmartAjaxElementLocator.getTimeOutInSeconds(SmartAjaxElementLocator.java:150)
	at net.thucydides.core.annotations.locators.SmartAjaxElementLocator.ajaxFindElement(SmartAjaxElementLocator.java:136)
	at net.thucydides.core.annotations.locators.SmartAjaxElementLocator.findElement(SmartAjaxElementLocator.java:93)
	at org.openqa.selenium.support.pagefactory.internal.LocatingElementHandler.invoke(LocatingElementHandler.java:38)
	at com.sun.proxy.$Proxy24.click(Unknown Source)
	at net.thucydides.showcase.cucumber.pages.UserCreationPage.AdminstratorPage(UserCreationPage.java:54)
	at net.thucydides.showcase.cucumber.steps.serenity.Usercreationsteps.manageAdministratorPage(Usercreationsteps.java:16)
	at net.thucydides.showcase.cucumber.steps.serenity.Usercreationsteps$$EnhancerByCGLIB$$6e11b5d9.CGLIB$manageAdministratorPage$0(<generated>)
	at net.thucydides.showcase.cucumber.steps.serenity.Usercreationsteps$$EnhancerByCGLIB$$6e11b5d9$$FastClassByCGLIB$$9bf415b4.invoke(<generated>)
	at net.sf.cglib.proxy.MethodProxy.invokeSuper(MethodProxy.java:228)
	at net.thucydides.core.steps.StepInterceptor.invokeMethod(StepInterceptor.java:336)
	at net.thucydides.core.steps.StepInterceptor.executeTestStepMethod(StepInterceptor.java:321)
	at net.thucydides.core.steps.StepInterceptor.runTestStep(StepInterceptor.java:296)
	at net.thucydides.core.steps.StepInterceptor.testStepResult(StepInterceptor.java:129)
	at net.thucydides.core.steps.StepInterceptor.intercept(StepInterceptor.java:56)
	at net.thucydides.showcase.cucumber.steps.serenity.Usercreationsteps$$EnhancerByCGLIB$$6e11b5d9.manageAdministratorPage(<generated>)
	at net.thucydides.showcase.cucumber.steps.Usercreationstepdefition.manage_Administrator_Page_is_displayed(Usercreationstepdefition.java:16)
	at ✽.Given Manage Administrator Page is displayed(src/test/resources/features/Login/login.feature:12)
Caused by: net.thucydides.core.webdriver.UnsupportedDriverException: Could not instantiate class org.openqa.selenium.chrome.ChromeDriver
	at net.thucydides.core.webdriver.WebDriverFactory.newWebdriverInstance(WebDriverFactory.java:202)
	at net.thucydides.core.webdriver.WebDriverFacade.newDriverInstance(WebDriverFacade.java:137)
	at net.thucydides.core.webdriver.WebDriverFacade.newProxyDriver(WebDriverFacade.java:128)
	at net.thucydides.core.webdriver.WebDriverFacade.getProxiedDriver(WebDriverFacade.java:100)
	at net.thucydides.core.webdriver.WebDriverFacade.getCurrentImplicitTimeout(WebDriverFacade.java:258)
	at net.thucydides.core.webdriver.WebdriverInstances.getCurrentImplicitTimeout(WebdriverInstances.java:113)
	at net.thucydides.core.annotations.locators.SmartAjaxElementLocator.getTimeOutInSeconds(SmartAjaxElementLocator.java:150)
	at net.thucydides.core.annotations.locators.SmartAjaxElementLocator.ajaxFindElement(SmartAjaxElementLocator.java:136)
	at net.thucydides.core.annotations.locators.SmartAjaxElementLocator.findElement(SmartAjaxElementLocator.java:93)
	at org.openqa.selenium.support.pagefactory.internal.LocatingElementHandler.invoke(LocatingElementHandler.java:38)
	at com.sun.proxy.$Proxy24.click(Unknown Source)
	at net.thucydides.showcase.cucumber.pages.UserCreationPage.AdminstratorPage(UserCreationPage.java:54)
	at net.thucydides.showcase.cucumber.steps.serenity.Usercreationsteps.manageAdministratorPage(Usercreationsteps.java:16)
	at net.thucydides.showcase.cucumber.steps.serenity.Usercreationsteps$$EnhancerByCGLIB$$6e11b5d9.CGLIB$manageAdministratorPage$0(<generated>)
	at net.thucydides.showcase.cucumber.steps.serenity.Usercreationsteps$$EnhancerByCGLIB$$6e11b5d9$$FastClassByCGLIB$$9bf415b4.invoke(<generated>)
	at net.sf.cglib.proxy.MethodProxy.invokeSuper(MethodProxy.java:228)
	at net.thucydides.core.steps.StepInterceptor.invokeMethod(StepInterceptor.java:336)
	at net.thucydides.core.steps.StepInterceptor.executeTestStepMethod(StepInterceptor.java:321)
	at net.thucydides.core.steps.StepInterceptor.runTestStep(StepInterceptor.java:296)
	at net.thucydides.core.steps.StepInterceptor.testStepResult(StepInterceptor.java:129)
	at net.thucydides.core.steps.StepInterceptor.intercept(StepInterceptor.java:56)
	at net.thucydides.showcase.cucumber.steps.serenity.Usercreationsteps$$EnhancerByCGLIB$$6e11b5d9.manageAdministratorPage(<generated>)
	at net.thucydides.showcase.cucumber.steps.Usercreationstepdefition.manage_Administrator_Page_is_displayed(Usercreationstepdefition.java:16)
	at sun.reflect.NativeMethodAccessorImpl.invoke0(Native Method)
	at sun.reflect.NativeMethodAccessorImpl.invoke(Unknown Source)
	at sun.reflect.DelegatingMethodAccessorImpl.invoke(Unknown Source)
	at java.lang.reflect.Method.invoke(Unknown Source)
	at cucumber.runtime.Utils$1.call(Utils.java:37)
	at cucumber.runtime.Timeout.timeout(Timeout.java:13)
	at cucumber.runtime.Utils.invoke(Utils.java:31)
	at cucumber.runtime.java.JavaStepDefinition.execute(JavaStepDefinition.java:38)
	at cucumber.runtime.StepDefinitionMatch.runStep(StepDefinitionMatch.java:37)
	at cucumber.runtime.Runtime.runStep(Runtime.java:299)
	at cucumber.runtime.model.StepContainer.runStep(StepContainer.java:44)
	at cucumber.runtime.model.StepContainer.runSteps(StepContainer.java:39)
	at cucumber.runtime.model.CucumberScenario.run(CucumberScenario.java:44)
	at cucumber.runtime.junit.ExecutionUnitRunner.run(ExecutionUnitRunner.java:91)
	at org.junit.runners.Suite.runChild(Suite.java:127)
	at org.junit.runners.Suite.runChild(Suite.java:26)
	at org.junit.runners.ParentRunner$3.run(ParentRunner.java:238)
	at org.junit.runners.ParentRunner$1.schedule(ParentRunner.java:63)
	at org.junit.runners.ParentRunner.runChildren(ParentRunner.java:236)
	at org.junit.runners.ParentRunner.access$000(ParentRunner.java:53)
	at org.junit.runners.ParentRunner$2.evaluate(ParentRunner.java:229)
	at org.junit.runners.ParentRunner.run(ParentRunner.java:309)
	at cucumber.runtime.junit.ExamplesRunner.run(ExamplesRunner.java:59)
	at org.junit.runners.Suite.runChild(Suite.java:127)
	at org.junit.runners.Suite.runChild(Suite.java:26)
	at org.junit.runners.ParentRunner$3.run(ParentRunner.java:238)
	at org.junit.runners.ParentRunner$1.schedule(ParentRunner.java:63)
	at org.junit.runners.ParentRunner.runChildren(ParentRunner.java:236)
	at org.junit.runners.ParentRunner.access$000(ParentRunner.java:53)
	at org.junit.runners.ParentRunner$2.evaluate(ParentRunner.java:229)
	at org.junit.runners.ParentRunner.run(ParentRunner.java:309)
	at cucumber.runtime.junit.ScenarioOutlineRunner.run(ScenarioOutlineRunner.java:53)
	at cucumber.runtime.junit.FeatureRunner.runChild(FeatureRunner.java:63)
	at cucumber.runtime.junit.FeatureRunner.runChild(FeatureRunner.java:18)
	at org.junit.runners.ParentRunner$3.run(ParentRunner.java:238)
	at org.junit.runners.ParentRunner$1.schedule(ParentRunner.java:63)
	at org.junit.runners.ParentRunner.runChildren(ParentRunner.java:236)
	at org.junit.runners.ParentRunner.access$000(ParentRunner.java:53)
	at org.junit.runners.ParentRunner$2.evaluate(ParentRunner.java:229)
	at org.junit.runners.ParentRunner.run(ParentRunner.java:309)
	at cucumber.runtime.junit.FeatureRunner.run(FeatureRunner.java:70)
	at cucumber.api.junit.Cucumber.runChild(Cucumber.java:93)
	at cucumber.api.junit.Cucumber.runChild(Cucumber.java:37)
	at org.junit.runners.ParentRunner$3.run(ParentRunner.java:238)
	at org.junit.runners.ParentRunner$1.schedule(ParentRunner.java:63)
	at org.junit.runners.ParentRunner.runChildren(ParentRunner.java:236)
	at org.junit.runners.ParentRunner.access$000(ParentRunner.java:53)
	at org.junit.runners.ParentRunner$2.evaluate(ParentRunner.java:229)
	at org.junit.runners.ParentRunner.run(ParentRunner.java:309)
	at cucumber.api.junit.Cucumber.run(Cucumber.java:98)
	at org.apache.maven.surefire.junit4.JUnit4Provider.execute(JUnit4Provider.java:283)
	at org.apache.maven.surefire.junit4.JUnit4Provider.executeWithRerun(JUnit4Provider.java:173)
	at org.apache.maven.surefire.junit4.JUnit4Provider.executeTestSet(JUnit4Provider.java:153)
	at org.apache.maven.surefire.junit4.JUnit4Provider.invoke(JUnit4Provider.java:128)
	at org.apache.maven.surefire.booter.ForkedBooter.invokeProviderInSameClassLoader(ForkedBooter.java:203)
	at org.apache.maven.surefire.booter.ForkedBooter.runSuitesInProcess(ForkedBooter.java:155)
	at org.apache.maven.surefire.booter.ForkedBooter.main(ForkedBooter.java:103)
Caused by: org.openqa.selenium.WebDriverException: unknown error: unable to discover open pages
  (Driver info: chromedriver=2.15.322448 (52179c1b310fec1797c81ea9a20326839860b7d3),platform=Windows NT 6.1 SP1 x86_64) (WARNING: The server did not provide any stacktrace information)
Command duration or timeout: 61.39 seconds
Build info: version: '2.46.0', revision: '61506a4624b13675f24581e453592342b7485d71', time: '2015-06-04 10:22:50'
System info: host: 'RETDAYV-7610028', ip: '138.12.51.129', os.name: 'Windows 7', os.arch: 'x86', os.version: '6.1', java.version: '1.8.0_20'
Driver info: org.openqa.selenium.chrome.ChromeDriver
	at sun.reflect.NativeConstructorAccessorImpl.newInstance0(Native Method)
	at sun.reflect.NativeConstructorAccessorImpl.newInstance(Unknown Source)
	at sun.reflect.DelegatingConstructorAccessorImpl.newInstance(Unknown Source)
	at java.lang.reflect.Constructor.newInstance(Unknown Source)
	at org.openqa.selenium.remote.ErrorHandler.createThrowable(ErrorHandler.java:204)
	at org.openqa.selenium.remote.ErrorHandler.throwIfResponseFailed(ErrorHandler.java:156)
	at org.openqa.selenium.remote.RemoteWebDriver.execute(RemoteWebDriver.java:605)
	at org.openqa.selenium.remote.RemoteWebDriver.startSession(RemoteWebDriver.java:242)
	at org.openqa.selenium.remote.RemoteWebDriver.<init>(RemoteWebDriver.java:128)
	at org.openqa.selenium.remote.RemoteWebDriver.<init>(RemoteWebDriver.java:141)
	at org.openqa.selenium.chrome.ChromeDriver.<init>(ChromeDriver.java:170)
	at org.openqa.selenium.chrome.ChromeDriver.<init>(ChromeDriver.java:138)
	at net.thucydides.core.webdriver.WebdriverInstanceFactory.newChromeDriver(WebdriverInstanceFactory.java:65)
	at net.thucydides.core.webdriver.WebDriverFactory.chromeDriver(WebDriverFactory.java:499)
	at net.thucydides.core.webdriver.WebDriverFactory.newWebdriverInstance(WebDriverFactory.java:184)
	at net.thucydides.core.webdriver.WebDriverFacade.newDriverInstance(WebDriverFacade.java:137)
	at net.thucydides.core.webdriver.WebDriverFacade.newProxyDriver(WebDriverFacade.java:128)
	at net.thucydides.core.webdriver.WebDriverFacade.getProxiedDriver(WebDriverFacade.java:100)
	at net.thucydides.core.webdriver.WebDriverFacade.getCurrentImplicitTimeout(WebDriverFacade.java:258)
	at net.thucydides.core.webdriver.WebdriverInstances.getCurrentImplicitTimeout(WebdriverInstances.java:113)
	at net.thucydides.core.annotations.locators.SmartAjaxElementLocator.getTimeOutInSeconds(SmartAjaxElementLocator.java:150)
	at net.thucydides.core.annotations.locators.SmartAjaxElementLocator.ajaxFindElement(SmartAjaxElementLocator.java:136)
	at net.thucydides.core.annotations.locators.SmartAjaxElementLocator.findElement(SmartAjaxElementLocator.java:93)
	at org.openqa.selenium.support.pagefactory.internal.LocatingElementHandler.invoke(LocatingElementHandler.java:38)
	at com.sun.proxy.$Proxy24.click(Unknown Source)
	at net.thucydides.showcase.cucumber.pages.UserCreationPage.AdminstratorPage(UserCreationPage.java:54)
	at net.thucydides.showcase.cucumber.steps.serenity.Usercreationsteps.manageAdministratorPage(Usercreationsteps.java:16)
	at net.thucydides.showcase.cucumber.steps.serenity.Usercreationsteps$$EnhancerByCGLIB$$6e11b5d9.CGLIB$manageAdministratorPage$0(<generated>)
	at net.thucydides.showcase.cucumber.steps.serenity.Usercreationsteps$$EnhancerByCGLIB$$6e11b5d9$$FastClassByCGLIB$$9bf415b4.invoke(<generated>)
	at net.sf.cglib.proxy.MethodProxy.invokeSuper(MethodProxy.java:228)
	at net.thucydides.core.steps.StepInterceptor.invokeMethod(StepInterceptor.java:336)
	at net.thucydides.core.steps.StepInterceptor.executeTestStepMethod(StepInterceptor.java:321)
	at net.thucydides.core.steps.StepInterceptor.runTestStep(StepInterceptor.java:296)
	at net.thucydides.core.steps.StepInterceptor.testStepResult(StepInterceptor.java:129)
	at net.thucydides.core.steps.StepInterceptor.intercept(StepInterceptor.java:56)
	at net.thucydides.showcase.cucumber.steps.serenity.Usercreationsteps$$EnhancerByCGLIB$$6e11b5d9.manageAdministratorPage(<generated>)
	at net.thucydides.showcase.cucumber.steps.Usercreationstepdefition.manage_Administrator_Page_is_displayed(Usercreationstepdefition.java:16)
	at sun.reflect.NativeMethodAccessorImpl.invoke0(Native Method)
	at sun.reflect.NativeMethodAccessorImpl.invoke(Unknown Source)
	at sun.reflect.DelegatingMethodAccessorImpl.invoke(Unknown Source)
	at java.lang.reflect.Method.invoke(Unknown Source)
	at cucumber.runtime.Utils$1.call(Utils.java:37)
	at cucumber.runtime.Timeout.timeout(Timeout.java:13)
	at cucumber.runtime.Utils.invoke(Utils.java:31)
	at cucumber.runtime.java.JavaStepDefinition.execute(JavaStepDefinition.java:38)
	at cucumber.runtime.StepDefinitionMatch.runStep(StepDefinitionMatch.java:37)
	at cucumber.runtime.Runtime.runStep(Runtime.java:299)
	at cucumber.runtime.model.StepContainer.runStep(StepContainer.java:44)
	at cucumber.runtime.model.StepContainer.runSteps(StepContainer.java:39)
	at cucumber.runtime.model.CucumberScenario.run(CucumberScenario.java:44)
	at cucumber.runtime.junit.ExecutionUnitRunner.run(ExecutionUnitRunner.java:91)
	at org.junit.runners.Suite.runChild(Suite.java:127)
	at org.junit.runners.Suite.runChild(Suite.java:26)
	at org.junit.runners.ParentRunner$3.run(ParentRunner.java:238)
	at org.junit.runners.ParentRunner$1.schedule(ParentRunner.java:63)
	at org.junit.runners.ParentRunner.runChildren(ParentRunner.java:236)
	at org.junit.runners.ParentRunner.access$000(ParentRunner.java:53)
	at org.junit.runners.ParentRunner$2.evaluate(ParentRunner.java:229)
	at org.junit.runners.ParentRunner.run(ParentRunner.java:309)
	at cucumber.runtime.junit.ExamplesRunner.run(ExamplesRunner.java:59)
	at org.junit.runners.Suite.runChild(Suite.java:127)
	at org.junit.runners.Suite.runChild(Suite.java:26)
	at org.junit.runners.ParentRunner$3.run(ParentRunner.java:238)
	at org.junit.runners.ParentRunner$1.schedule(ParentRunner.java:63)
	at org.junit.runners.ParentRunner.runChildren(ParentRunner.java:236)
	at org.junit.runners.ParentRunner.access$000(ParentRunner.java:53)
	at org.junit.runners.ParentRunner$2.evaluate(ParentRunner.java:229)
	at org.junit.runners.ParentRunner.run(ParentRunner.java:309)
	at cucumber.runtime.junit.ScenarioOutlineRunner.run(ScenarioOutlineRunner.java:53)
	at cucumber.runtime.junit.FeatureRunner.runChild(FeatureRunner.java:63)
	at cucumber.runtime.junit.FeatureRunner.runChild(FeatureRunner.java:18)
	at org.junit.runners.ParentRunner$3.run(ParentRunner.java:238)
	at org.junit.runners.ParentRunner$1.schedule(ParentRunner.java:63)
	at org.junit.runners.ParentRunner.runChildren(ParentRunner.java:236)
	at org.junit.runners.ParentRunner.access$000(ParentRunner.java:53)
	at org.junit.runners.ParentRunner$2.evaluate(ParentRunner.java:229)
	at org.junit.runners.ParentRunner.run(ParentRunner.java:309)
	at cucumber.runtime.junit.FeatureRunner.run(FeatureRunner.java:70)
	at cucumber.api.junit.Cucumber.runChild(Cucumber.java:93)
	at cucumber.api.junit.Cucumber.runChild(Cucumber.java:37)
	at org.junit.runners.ParentRunner$3.run(ParentRunner.java:238)
	at org.junit.runners.ParentRunner$1.schedule(ParentRunner.java:63)
	at org.junit.runners.ParentRunner.runChildren(ParentRunner.java:236)
	at org.junit.runners.ParentRunner.access$000(ParentRunner.java:53)
	at org.junit.runners.ParentRunner$2.evaluate(ParentRunner.java:229)
	at org.junit.runners.ParentRunner.run(ParentRunner.java:309)
	at cucumber.api.junit.Cucumber.run(Cucumber.java:98)
	at org.apache.maven.surefire.junit4.JUnit4Provider.execute(JUnit4Provider.java:283)
	at org.apache.maven.surefire.junit4.JUnit4Provider.executeWithRerun(JUnit4Provider.java:173)
	at org.apache.maven.surefire.junit4.JUnit4Provider.executeTestSet(JUnit4Provider.java:153)
	at org.apache.maven.surefire.junit4.JUnit4Provider.invoke(JUnit4Provider.java:128)
	at org.apache.maven.surefire.booter.ForkedBooter.invokeProviderInSameClassLoader(ForkedBooter.java:203)
	at org.apache.maven.surefire.booter.ForkedBooter.runSuitesInProcess(ForkedBooter.java:155)
	at org.apache.maven.surefire.booter.ForkedBooter.main(ForkedBooter.java:103)
]]></error>
    <system-err><![CDATA[67039 [main] INFO net.thucydides.core.reports.ReportService - Reporting formats: [JSON, XML, HTML]
67049 [main] INFO net.thucydides.core.reports.ReportService - Found reporter: net.thucydides.core.reports.xml.XMLTestOutcomeReporter@15b3673(format = Optional.of(XML))
67049 [main] INFO net.thucydides.core.reports.ReportService - Registering reporter: net.thucydides.core.reports.xml.XMLTestOutcomeReporter@15b3673
67054 [main] INFO net.thucydides.core.reports.ReportService - Found reporter: net.thucydides.core.reports.json.JSONTestOutcomeReporter@c2f48c(format = Optional.of(JSON))
67054 [main] INFO net.thucydides.core.reports.ReportService - Registering reporter: net.thucydides.core.reports.json.JSONTestOutcomeReporter@c2f48c
67234 [main] INFO net.thucydides.core.reports.ReportService - Found reporter: net.thucydides.core.reports.html.HtmlAcceptanceTestReporter@1ab4be7(format = Optional.of(HTML))
67234 [main] INFO net.thucydides.core.reports.ReportService - Registering reporter: net.thucydides.core.reports.html.HtmlAcceptanceTestReporter@1ab4be7
67366 [main] INFO net.thucydides.core.reports.ReportService - Generating reports for 1 test outcomes using: net.thucydides.core.reports.xml.XMLTestOutcomeReporter@15b3673
67368 [main] INFO net.thucydides.core.reports.junit.JUnitXMLOutcomeReporter - GENERATING JUNIT REPORTS
67380 [main] INFO net.thucydides.core.reports.junit.JUnitXMLOutcomeReporter - GENERATING JUNIT REPORT SERENITY-JUNIT-1faf0717a4745cf6d2aef8ede72eb6b805d182c0597ddf034cba56daa0ac93a5.xml
67382 [pool-1-thread-1] INFO net.thucydides.core.reports.ReportService - Processing test outcome EDA Login:Login
67382 [pool-1-thread-1] INFO net.thucydides.core.reports.ReportService - net.thucydides.core.reports.xml.XMLTestOutcomeReporter@15b3673: Generating report for test outcome: EDA Login:Login
67632 [pool-1-thread-1] INFO net.thucydides.core.reports.xml.XMLTestOutcomeReporter - Generating XML report for Login to file C:\Users\gunasegx\Desktop\cucumber-webtests\target\site\serenity\1faf0717a4745cf6d2aef8ede72eb6b805d182c0597ddf034cba56daa0ac93a5.xml
67848 [pool-1-thread-1] INFO net.thucydides.core.reports.xml.XMLTestOutcomeReporter - XML report generated (C:\Users\gunasegx\Desktop\cucumber-webtests\target\site\serenity\1faf0717a4745cf6d2aef8ede72eb6b805d182c0597ddf034cba56daa0ac93a5.xml bytes) 1752
67852 [pool-1-thread-1] INFO net.thucydides.core.reports.ReportService - Processing test outcome EDA Login:Login done
68163 [main] INFO net.thucydides.core.reports.ReportService - Reports generated in: 796 ms
68163 [main] INFO net.thucydides.core.reports.ReportService - Generating reports for 1 test outcomes using: net.thucydides.core.reports.json.JSONTestOutcomeReporter@c2f48c
68164 [main] INFO net.thucydides.core.reports.junit.JUnitXMLOutcomeReporter - GENERATING JUNIT REPORTS
68164 [main] INFO net.thucydides.core.reports.junit.JUnitXMLOutcomeReporter - GENERATING JUNIT REPORT SERENITY-JUNIT-1faf0717a4745cf6d2aef8ede72eb6b805d182c0597ddf034cba56daa0ac93a5.xml
68170 [pool-1-thread-2] INFO net.thucydides.core.reports.ReportService - Processing test outcome EDA Login:Login
68171 [pool-1-thread-2] INFO net.thucydides.core.reports.ReportService - net.thucydides.core.reports.json.JSONTestOutcomeReporter@c2f48c: Generating report for test outcome: EDA Login:Login
68211 [pool-1-thread-2] INFO net.thucydides.core.reports.ReportService - Processing test outcome EDA Login:Login done
68220 [main] INFO net.thucydides.core.reports.ReportService - Reports generated in: 57 ms
68220 [main] INFO net.thucydides.core.reports.ReportService - Generating reports for 1 test outcomes using: net.thucydides.core.reports.html.HtmlAcceptanceTestReporter@1ab4be7
68221 [main] INFO net.thucydides.core.reports.junit.JUnitXMLOutcomeReporter - GENERATING JUNIT REPORTS
68221 [main] INFO net.thucydides.core.reports.junit.JUnitXMLOutcomeReporter - GENERATING JUNIT REPORT SERENITY-JUNIT-1faf0717a4745cf6d2aef8ede72eb6b805d182c0597ddf034cba56daa0ac93a5.xml
68227 [pool-1-thread-3] INFO net.thucydides.core.reports.ReportService - Processing test outcome EDA Login:Login
68228 [pool-1-thread-3] INFO net.thucydides.core.reports.ReportService - net.thucydides.core.reports.html.HtmlAcceptanceTestReporter@1ab4be7: Generating report for test outcome: EDA Login:Login
68234 [pool-1-thread-3] INFO net.thucydides.core.requirements.RequirementsTagProvider - Reading requirements from net.thucydides.core.requirements.FileSystemRequirementsTagProvider@4f4958
68234 [pool-1-thread-3] INFO net.thucydides.core.requirements.RequirementsTagProvider - Reading requirements from net.thucydides.core.requirements.PackageAnnotationBasedTagProvider@bf2b37
68235 [pool-1-thread-3] INFO net.thucydides.core.requirements.RequirementsTagProvider - Requirement ancestors for:Requirement{name='Login', type='capability' parent = 'null', cardNumber='null'} = [Requirement{name='Login', type='capability' parent = 'null', cardNumber='null'}]
68236 [pool-1-thread-3] INFO net.thucydides.core.requirements.RequirementsTagProvider - Requirement ancestors for:Requirement{name='Eda login', type='feature' parent = 'Login', cardNumber='null'} = [Requirement{name='Login', type='capability' parent = 'null', cardNumber='null'}, Requirement{name='Eda login', type='feature' parent = 'Login', cardNumber='null'}]
68236 [pool-1-thread-3] INFO net.thucydides.core.requirements.RequirementsTagProvider - Requirements found:[Requirement{name='Login', type='capability' parent = 'null', cardNumber='null'}]
70285 [pool-1-thread-3] INFO net.thucydides.core.reports.html.HtmlAcceptanceTestReporter - GENERATING HTML REPORT FOR EDA Login:Login => 1faf0717a4745cf6d2aef8ede72eb6b805d182c0597ddf034cba56daa0ac93a5.html
70364 [pool-1-thread-3] INFO net.thucydides.core.reports.ReportService - Processing test outcome EDA Login:Login done
70405 [main] INFO net.thucydides.core.reports.ReportService - Reports generated in: 2185 ms
70411 [main] INFO net.serenitybdd.core.Serenity - 
  _____ _____ ____ _____   ____ _____  _    ____ _____ _____ ____  
 |_   _| ____/ ___|_   _| / ___|_   _|/ \  |  _ \_   _| ____|  _ \ 
   | | |  _| \___ \ | |   \___ \ | | / _ \ | |_) || | |  _| | | | |
   | | | |___ ___) || |    ___) || |/ ___ \|  _ < | | | |___| |_| |
   |_| |_____|____/ |_|   |____/ |_/_/   \_\_| \_\|_| |_____|____/ 
                                                                   

TEST STARTED: Administrator Creation
--------------------------------------------------------------------
70452 [main] INFO net.thucydides.core.steps.StepInterceptor - STARTING STEP: Usercreationstepdefition.manage_Administrator_Page_is_displayed - manageAdministratorPage
Starting ChromeDriver 2.15.322448 (52179c1b310fec1797c81ea9a20326839860b7d3) on port 33623
Only local connections are allowed.
Jun 13, 2016 7:03:35 AM org.openqa.selenium.os.UnixProcess$SeleniumWatchDog destroyHarder
INFO: Command failed to close cleanly. Destroying forcefully (v2). org.openqa.selenium.os.UnixProcess$SeleniumWatchDog@5d8ae
135057 [main] ERROR net.thucydides.core.webdriver.WebDriverFacade - FAILED TO CREATE NEW WEBDRIVER_DRIVER INSTANCE class org.openqa.selenium.chrome.ChromeDriver: Could not instantiate class org.openqa.selenium.chrome.ChromeDriver
net.thucydides.core.webdriver.UnsupportedDriverException: Could not instantiate class org.openqa.selenium.chrome.ChromeDriver
	at net.thucydides.core.webdriver.WebDriverFactory.newWebdriverInstance(WebDriverFactory.java:202)
	at net.thucydides.core.webdriver.WebDriverFacade.newDriverInstance(WebDriverFacade.java:137)
	at net.thucydides.core.webdriver.WebDriverFacade.newProxyDriver(WebDriverFacade.java:128)
	at net.thucydides.core.webdriver.WebDriverFacade.getProxiedDriver(WebDriverFacade.java:100)
	at net.thucydides.core.webdriver.WebDriverFacade.getCurrentImplicitTimeout(WebDriverFacade.java:258)
	at net.thucydides.core.webdriver.WebdriverInstances.getCurrentImplicitTimeout(WebdriverInstances.java:113)
	at net.thucydides.core.annotations.locators.SmartAjaxElementLocator.getTimeOutInSeconds(SmartAjaxElementLocator.java:150)
	at net.thucydides.core.annotations.locators.SmartAjaxElementLocator.ajaxFindElement(SmartAjaxElementLocator.java:136)
	at net.thucydides.core.annotations.locators.SmartAjaxElementLocator.findElement(SmartAjaxElementLocator.java:93)
	at org.openqa.selenium.support.pagefactory.internal.LocatingElementHandler.invoke(LocatingElementHandler.java:38)
	at com.sun.proxy.$Proxy24.click(Unknown Source)
	at net.thucydides.showcase.cucumber.pages.UserCreationPage.AdminstratorPage(UserCreationPage.java:54)
	at net.thucydides.showcase.cucumber.steps.serenity.Usercreationsteps.manageAdministratorPage(Usercreationsteps.java:16)
	at net.thucydides.showcase.cucumber.steps.serenity.Usercreationsteps$$EnhancerByCGLIB$$6e11b5d9.CGLIB$manageAdministratorPage$0(<generated>)
	at net.thucydides.showcase.cucumber.steps.serenity.Usercreationsteps$$EnhancerByCGLIB$$6e11b5d9$$FastClassByCGLIB$$9bf415b4.invoke(<generated>)
	at net.sf.cglib.proxy.MethodProxy.invokeSuper(MethodProxy.java:228)
	at net.thucydides.core.steps.StepInterceptor.invokeMethod(StepInterceptor.java:336)
	at net.thucydides.core.steps.StepInterceptor.executeTestStepMethod(StepInterceptor.java:321)
	at net.thucydides.core.steps.StepInterceptor.runTestStep(StepInterceptor.java:296)
	at net.thucydides.core.steps.StepInterceptor.testStepResult(StepInterceptor.java:129)
	at net.thucydides.core.steps.StepInterceptor.intercept(StepInterceptor.java:56)
	at net.thucydides.showcase.cucumber.steps.serenity.Usercreationsteps$$EnhancerByCGLIB$$6e11b5d9.manageAdministratorPage(<generated>)
	at net.thucydides.showcase.cucumber.steps.Usercreationstepdefition.manage_Administrator_Page_is_displayed(Usercreationstepdefition.java:16)
	at sun.reflect.NativeMethodAccessorImpl.invoke0(Native Method)
	at sun.reflect.NativeMethodAccessorImpl.invoke(Unknown Source)
	at sun.reflect.DelegatingMethodAccessorImpl.invoke(Unknown Source)
	at java.lang.reflect.Method.invoke(Unknown Source)
	at cucumber.runtime.Utils$1.call(Utils.java:37)
	at cucumber.runtime.Timeout.timeout(Timeout.java:13)
	at cucumber.runtime.Utils.invoke(Utils.java:31)
	at cucumber.runtime.java.JavaStepDefinition.execute(JavaStepDefinition.java:38)
	at cucumber.runtime.StepDefinitionMatch.runStep(StepDefinitionMatch.java:37)
	at cucumber.runtime.Runtime.runStep(Runtime.java:299)
	at cucumber.runtime.model.StepContainer.runStep(StepContainer.java:44)
	at cucumber.runtime.model.StepContainer.runSteps(StepContainer.java:39)
	at cucumber.runtime.model.CucumberScenario.run(CucumberScenario.java:44)
	at cucumber.runtime.junit.ExecutionUnitRunner.run(ExecutionUnitRunner.java:91)
	at org.junit.runners.Suite.runChild(Suite.java:127)
	at org.junit.runners.Suite.runChild(Suite.java:26)
	at org.junit.runners.ParentRunner$3.run(ParentRunner.java:238)
	at org.junit.runners.ParentRunner$1.schedule(ParentRunner.java:63)
	at org.junit.runners.ParentRunner.runChildren(ParentRunner.java:236)
	at org.junit.runners.ParentRunner.access$000(ParentRunner.java:53)
	at org.junit.runners.ParentRunner$2.evaluate(ParentRunner.java:229)
	at org.junit.runners.ParentRunner.run(ParentRunner.java:309)
	at cucumber.runtime.junit.ExamplesRunner.run(ExamplesRunner.java:59)
	at org.junit.runners.Suite.runChild(Suite.java:127)
	at org.junit.runners.Suite.runChild(Suite.java:26)
	at org.junit.runners.ParentRunner$3.run(ParentRunner.java:238)
	at org.junit.runners.ParentRunner$1.schedule(ParentRunner.java:63)
	at org.junit.runners.ParentRunner.runChildren(ParentRunner.java:236)
	at org.junit.runners.ParentRunner.access$000(ParentRunner.java:53)
	at org.junit.runners.ParentRunner$2.evaluate(ParentRunner.java:229)
	at org.junit.runners.ParentRunner.run(ParentRunner.java:309)
	at cucumber.runtime.junit.ScenarioOutlineRunner.run(ScenarioOutlineRunner.java:53)
	at cucumber.runtime.junit.FeatureRunner.runChild(FeatureRunner.java:63)
	at cucumber.runtime.junit.FeatureRunner.runChild(FeatureRunner.java:18)
	at org.junit.runners.ParentRunner$3.run(ParentRunner.java:238)
	at org.junit.runners.ParentRunner$1.schedule(ParentRunner.java:63)
	at org.junit.runners.ParentRunner.runChildren(ParentRunner.java:236)
	at org.junit.runners.ParentRunner.access$000(ParentRunner.java:53)
	at org.junit.runners.ParentRunner$2.evaluate(ParentRunner.java:229)
	at org.junit.runners.ParentRunner.run(ParentRunner.java:309)
	at cucumber.runtime.junit.FeatureRunner.run(FeatureRunner.java:70)
	at cucumber.api.junit.Cucumber.runChild(Cucumber.java:93)
	at cucumber.api.junit.Cucumber.runChild(Cucumber.java:37)
	at org.junit.runners.ParentRunner$3.run(ParentRunner.java:238)
	at org.junit.runners.ParentRunner$1.schedule(ParentRunner.java:63)
	at org.junit.runners.ParentRunner.runChildren(ParentRunner.java:236)
	at org.junit.runners.ParentRunner.access$000(ParentRunner.java:53)
	at org.junit.runners.ParentRunner$2.evaluate(ParentRunner.java:229)
	at org.junit.runners.ParentRunner.run(ParentRunner.java:309)
	at cucumber.api.junit.Cucumber.run(Cucumber.java:98)
	at org.apache.maven.surefire.junit4.JUnit4Provider.execute(JUnit4Provider.java:283)
	at org.apache.maven.surefire.junit4.JUnit4Provider.executeWithRerun(JUnit4Provider.java:173)
	at org.apache.maven.surefire.junit4.JUnit4Provider.executeTestSet(JUnit4Provider.java:153)
	at org.apache.maven.surefire.junit4.JUnit4Provider.invoke(JUnit4Provider.java:128)
	at org.apache.maven.surefire.booter.ForkedBooter.invokeProviderInSameClassLoader(ForkedBooter.java:203)
	at org.apache.maven.surefire.booter.ForkedBooter.runSuitesInProcess(ForkedBooter.java:155)
	at org.apache.maven.surefire.booter.ForkedBooter.main(ForkedBooter.java:103)
Caused by: org.openqa.selenium.WebDriverException: unknown error: unable to discover open pages
  (Driver info: chromedriver=2.15.322448 (52179c1b310fec1797c81ea9a20326839860b7d3),platform=Windows NT 6.1 SP1 x86_64) (WARNING: The server did not provide any stacktrace information)
Command duration or timeout: 61.39 seconds
Build info: version: '2.46.0', revision: '61506a4624b13675f24581e453592342b7485d71', time: '2015-06-04 10:22:50'
System info: host: 'RETDAYV-7610028', ip: '138.12.51.129', os.name: 'Windows 7', os.arch: 'x86', os.version: '6.1', java.version: '1.8.0_20'
Driver info: org.openqa.selenium.chrome.ChromeDriver
	at sun.reflect.NativeConstructorAccessorImpl.newInstance0(Native Method)
	at sun.reflect.NativeConstructorAccessorImpl.newInstance(Unknown Source)
	at sun.reflect.DelegatingConstructorAccessorImpl.newInstance(Unknown Source)
	at java.lang.reflect.Constructor.newInstance(Unknown Source)
	at org.openqa.selenium.remote.ErrorHandler.createThrowable(ErrorHandler.java:204)
	at org.openqa.selenium.remote.ErrorHandler.throwIfResponseFailed(ErrorHandler.java:156)
	at org.openqa.selenium.remote.RemoteWebDriver.execute(RemoteWebDriver.java:605)
	at org.openqa.selenium.remote.RemoteWebDriver.startSession(RemoteWebDriver.java:242)
	at org.openqa.selenium.remote.RemoteWebDriver.<init>(RemoteWebDriver.java:128)
	at org.openqa.selenium.remote.RemoteWebDriver.<init>(RemoteWebDriver.java:141)
	at org.openqa.selenium.chrome.ChromeDriver.<init>(ChromeDriver.java:170)
	at org.openqa.selenium.chrome.ChromeDriver.<init>(ChromeDriver.java:138)
	at net.thucydides.core.webdriver.WebdriverInstanceFactory.newChromeDriver(WebdriverInstanceFactory.java:65)
	at net.thucydides.core.webdriver.WebDriverFactory.chromeDriver(WebDriverFactory.java:499)
	at net.thucydides.core.webdriver.WebDriverFactory.newWebdriverInstance(WebDriverFactory.java:184)
	... 79 more
135107 [main] INFO net.serenitybdd.core.Serenity - STEP FAILED: net.thucydides.core.webdriver.UnsupportedDriverException: Could not instantiate class org.openqa.selenium.chrome.ChromeDriver
]]></system-err>
  </testcase>
  <testcase name="| Gurunathan41 | Admin | User | charles@lexisnexis.com | Gpassword123! |" classname="| Gurunathan41 | Admin | User | charles@lexisnexis.com | Gpassword123! |" time="0">
    <error message="Could not instantiate class org.openqa.selenium.chrome.ChromeDriver" type="net.thucydides.core.webdriver.UnsupportedDriverException"><![CDATA[net.thucydides.core.webdriver.UnsupportedDriverException: Could not instantiate class org.openqa.selenium.chrome.ChromeDriver
	at net.thucydides.core.webdriver.WebDriverFacade.newDriverInstance(WebDriverFacade.java:141)
	at net.thucydides.core.webdriver.WebDriverFacade.newProxyDriver(WebDriverFacade.java:128)
	at net.thucydides.core.webdriver.WebDriverFacade.getProxiedDriver(WebDriverFacade.java:100)
	at net.thucydides.core.webdriver.WebDriverFacade.getCurrentImplicitTimeout(WebDriverFacade.java:258)
	at net.thucydides.core.webdriver.WebdriverInstances.getCurrentImplicitTimeout(WebdriverInstances.java:113)
	at net.thucydides.core.annotations.locators.SmartAjaxElementLocator.getTimeOutInSeconds(SmartAjaxElementLocator.java:150)
	at net.thucydides.core.annotations.locators.SmartAjaxElementLocator.ajaxFindElement(SmartAjaxElementLocator.java:136)
	at net.thucydides.core.annotations.locators.SmartAjaxElementLocator.findElement(SmartAjaxElementLocator.java:93)
	at org.openqa.selenium.support.pagefactory.internal.LocatingElementHandler.invoke(LocatingElementHandler.java:38)
	at com.sun.proxy.$Proxy24.click(Unknown Source)
	at net.thucydides.showcase.cucumber.pages.UserCreationPage.AdminstratorPage(UserCreationPage.java:54)
	at net.thucydides.showcase.cucumber.steps.serenity.Usercreationsteps.manageAdministratorPage(Usercreationsteps.java:16)
	at net.thucydides.showcase.cucumber.steps.serenity.Usercreationsteps$$EnhancerByCGLIB$$6e11b5d9.CGLIB$manageAdministratorPage$0(<generated>)
	at net.thucydides.showcase.cucumber.steps.serenity.Usercreationsteps$$EnhancerByCGLIB$$6e11b5d9$$FastClassByCGLIB$$9bf415b4.invoke(<generated>)
	at net.sf.cglib.proxy.MethodProxy.invokeSuper(MethodProxy.java:228)
	at net.thucydides.core.steps.StepInterceptor.invokeMethod(StepInterceptor.java:336)
	at net.thucydides.core.steps.StepInterceptor.executeTestStepMethod(StepInterceptor.java:321)
	at net.thucydides.core.steps.StepInterceptor.runTestStep(StepInterceptor.java:296)
	at net.thucydides.core.steps.StepInterceptor.testStepResult(StepInterceptor.java:129)
	at net.thucydides.core.steps.StepInterceptor.intercept(StepInterceptor.java:56)
	at net.thucydides.showcase.cucumber.steps.serenity.Usercreationsteps$$EnhancerByCGLIB$$6e11b5d9.manageAdministratorPage(<generated>)
	at net.thucydides.showcase.cucumber.steps.Usercreationstepdefition.manage_Administrator_Page_is_displayed(Usercreationstepdefition.java:16)
	at ✽.Given Manage Administrator Page is displayed(src/test/resources/features/Login/login.feature:12)
Caused by: net.thucydides.core.webdriver.UnsupportedDriverException: Could not instantiate class org.openqa.selenium.chrome.ChromeDriver
	at net.thucydides.core.webdriver.WebDriverFactory.newWebdriverInstance(WebDriverFactory.java:202)
	at net.thucydides.core.webdriver.WebDriverFacade.newDriverInstance(WebDriverFacade.java:137)
	at net.thucydides.core.webdriver.WebDriverFacade.newProxyDriver(WebDriverFacade.java:128)
	at net.thucydides.core.webdriver.WebDriverFacade.getProxiedDriver(WebDriverFacade.java:100)
	at net.thucydides.core.webdriver.WebDriverFacade.getCurrentImplicitTimeout(WebDriverFacade.java:258)
	at net.thucydides.core.webdriver.WebdriverInstances.getCurrentImplicitTimeout(WebdriverInstances.java:113)
	at net.thucydides.core.annotations.locators.SmartAjaxElementLocator.getTimeOutInSeconds(SmartAjaxElementLocator.java:150)
	at net.thucydides.core.annotations.locators.SmartAjaxElementLocator.ajaxFindElement(SmartAjaxElementLocator.java:136)
	at net.thucydides.core.annotations.locators.SmartAjaxElementLocator.findElement(SmartAjaxElementLocator.java:93)
	at org.openqa.selenium.support.pagefactory.internal.LocatingElementHandler.invoke(LocatingElementHandler.java:38)
	at com.sun.proxy.$Proxy24.click(Unknown Source)
	at net.thucydides.showcase.cucumber.pages.UserCreationPage.AdminstratorPage(UserCreationPage.java:54)
	at net.thucydides.showcase.cucumber.steps.serenity.Usercreationsteps.manageAdministratorPage(Usercreationsteps.java:16)
	at net.thucydides.showcase.cucumber.steps.serenity.Usercreationsteps$$EnhancerByCGLIB$$6e11b5d9.CGLIB$manageAdministratorPage$0(<generated>)
	at net.thucydides.showcase.cucumber.steps.serenity.Usercreationsteps$$EnhancerByCGLIB$$6e11b5d9$$FastClassByCGLIB$$9bf415b4.invoke(<generated>)
	at net.sf.cglib.proxy.MethodProxy.invokeSuper(MethodProxy.java:228)
	at net.thucydides.core.steps.StepInterceptor.invokeMethod(StepInterceptor.java:336)
	at net.thucydides.core.steps.StepInterceptor.executeTestStepMethod(StepInterceptor.java:321)
	at net.thucydides.core.steps.StepInterceptor.runTestStep(StepInterceptor.java:296)
	at net.thucydides.core.steps.StepInterceptor.testStepResult(StepInterceptor.java:129)
	at net.thucydides.core.steps.StepInterceptor.intercept(StepInterceptor.java:56)
	at net.thucydides.showcase.cucumber.steps.serenity.Usercreationsteps$$EnhancerByCGLIB$$6e11b5d9.manageAdministratorPage(<generated>)
	at net.thucydides.showcase.cucumber.steps.Usercreationstepdefition.manage_Administrator_Page_is_displayed(Usercreationstepdefition.java:16)
	at sun.reflect.NativeMethodAccessorImpl.invoke0(Native Method)
	at sun.reflect.NativeMethodAccessorImpl.invoke(Unknown Source)
	at sun.reflect.DelegatingMethodAccessorImpl.invoke(Unknown Source)
	at java.lang.reflect.Method.invoke(Unknown Source)
	at cucumber.runtime.Utils$1.call(Utils.java:37)
	at cucumber.runtime.Timeout.timeout(Timeout.java:13)
	at cucumber.runtime.Utils.invoke(Utils.java:31)
	at cucumber.runtime.java.JavaStepDefinition.execute(JavaStepDefinition.java:38)
	at cucumber.runtime.StepDefinitionMatch.runStep(StepDefinitionMatch.java:37)
	at cucumber.runtime.Runtime.runStep(Runtime.java:299)
	at cucumber.runtime.model.StepContainer.runStep(StepContainer.java:44)
	at cucumber.runtime.model.StepContainer.runSteps(StepContainer.java:39)
	at cucumber.runtime.model.CucumberScenario.run(CucumberScenario.java:44)
	at cucumber.runtime.junit.ExecutionUnitRunner.run(ExecutionUnitRunner.java:91)
	at org.junit.runners.Suite.runChild(Suite.java:127)
	at org.junit.runners.Suite.runChild(Suite.java:26)
	at org.junit.runners.ParentRunner$3.run(ParentRunner.java:238)
	at org.junit.runners.ParentRunner$1.schedule(ParentRunner.java:63)
	at org.junit.runners.ParentRunner.runChildren(ParentRunner.java:236)
	at org.junit.runners.ParentRunner.access$000(ParentRunner.java:53)
	at org.junit.runners.ParentRunner$2.evaluate(ParentRunner.java:229)
	at org.junit.runners.ParentRunner.run(ParentRunner.java:309)
	at cucumber.runtime.junit.ExamplesRunner.run(ExamplesRunner.java:59)
	at org.junit.runners.Suite.runChild(Suite.java:127)
	at org.junit.runners.Suite.runChild(Suite.java:26)
	at org.junit.runners.ParentRunner$3.run(ParentRunner.java:238)
	at org.junit.runners.ParentRunner$1.schedule(ParentRunner.java:63)
	at org.junit.runners.ParentRunner.runChildren(ParentRunner.java:236)
	at org.junit.runners.ParentRunner.access$000(ParentRunner.java:53)
	at org.junit.runners.ParentRunner$2.evaluate(ParentRunner.java:229)
	at org.junit.runners.ParentRunner.run(ParentRunner.java:309)
	at cucumber.runtime.junit.ScenarioOutlineRunner.run(ScenarioOutlineRunner.java:53)
	at cucumber.runtime.junit.FeatureRunner.runChild(FeatureRunner.java:63)
	at cucumber.runtime.junit.FeatureRunner.runChild(FeatureRunner.java:18)
	at org.junit.runners.ParentRunner$3.run(ParentRunner.java:238)
	at org.junit.runners.ParentRunner$1.schedule(ParentRunner.java:63)
	at org.junit.runners.ParentRunner.runChildren(ParentRunner.java:236)
	at org.junit.runners.ParentRunner.access$000(ParentRunner.java:53)
	at org.junit.runners.ParentRunner$2.evaluate(ParentRunner.java:229)
	at org.junit.runners.ParentRunner.run(ParentRunner.java:309)
	at cucumber.runtime.junit.FeatureRunner.run(FeatureRunner.java:70)
	at cucumber.api.junit.Cucumber.runChild(Cucumber.java:93)
	at cucumber.api.junit.Cucumber.runChild(Cucumber.java:37)
	at org.junit.runners.ParentRunner$3.run(ParentRunner.java:238)
	at org.junit.runners.ParentRunner$1.schedule(ParentRunner.java:63)
	at org.junit.runners.ParentRunner.runChildren(ParentRunner.java:236)
	at org.junit.runners.ParentRunner.access$000(ParentRunner.java:53)
	at org.junit.runners.ParentRunner$2.evaluate(ParentRunner.java:229)
	at org.junit.runners.ParentRunner.run(ParentRunner.java:309)
	at cucumber.api.junit.Cucumber.run(Cucumber.java:98)
	at org.apache.maven.surefire.junit4.JUnit4Provider.execute(JUnit4Provider.java:283)
	at org.apache.maven.surefire.junit4.JUnit4Provider.executeWithRerun(JUnit4Provider.java:173)
	at org.apache.maven.surefire.junit4.JUnit4Provider.executeTestSet(JUnit4Provider.java:153)
	at org.apache.maven.surefire.junit4.JUnit4Provider.invoke(JUnit4Provider.java:128)
	at org.apache.maven.surefire.booter.ForkedBooter.invokeProviderInSameClassLoader(ForkedBooter.java:203)
	at org.apache.maven.surefire.booter.ForkedBooter.runSuitesInProcess(ForkedBooter.java:155)
	at org.apache.maven.surefire.booter.ForkedBooter.main(ForkedBooter.java:103)
Caused by: org.openqa.selenium.WebDriverException: unknown error: unable to discover open pages
  (Driver info: chromedriver=2.15.322448 (52179c1b310fec1797c81ea9a20326839860b7d3),platform=Windows NT 6.1 SP1 x86_64) (WARNING: The server did not provide any stacktrace information)
Command duration or timeout: 61.39 seconds
Build info: version: '2.46.0', revision: '61506a4624b13675f24581e453592342b7485d71', time: '2015-06-04 10:22:50'
System info: host: 'RETDAYV-7610028', ip: '138.12.51.129', os.name: 'Windows 7', os.arch: 'x86', os.version: '6.1', java.version: '1.8.0_20'
Driver info: org.openqa.selenium.chrome.ChromeDriver
	at sun.reflect.NativeConstructorAccessorImpl.newInstance0(Native Method)
	at sun.reflect.NativeConstructorAccessorImpl.newInstance(Unknown Source)
	at sun.reflect.DelegatingConstructorAccessorImpl.newInstance(Unknown Source)
	at java.lang.reflect.Constructor.newInstance(Unknown Source)
	at org.openqa.selenium.remote.ErrorHandler.createThrowable(ErrorHandler.java:204)
	at org.openqa.selenium.remote.ErrorHandler.throwIfResponseFailed(ErrorHandler.java:156)
	at org.openqa.selenium.remote.RemoteWebDriver.execute(RemoteWebDriver.java:605)
	at org.openqa.selenium.remote.RemoteWebDriver.startSession(RemoteWebDriver.java:242)
	at org.openqa.selenium.remote.RemoteWebDriver.<init>(RemoteWebDriver.java:128)
	at org.openqa.selenium.remote.RemoteWebDriver.<init>(RemoteWebDriver.java:141)
	at org.openqa.selenium.chrome.ChromeDriver.<init>(ChromeDriver.java:170)
	at org.openqa.selenium.chrome.ChromeDriver.<init>(ChromeDriver.java:138)
	at net.thucydides.core.webdriver.WebdriverInstanceFactory.newChromeDriver(WebdriverInstanceFactory.java:65)
	at net.thucydides.core.webdriver.WebDriverFactory.chromeDriver(WebDriverFactory.java:499)
	at net.thucydides.core.webdriver.WebDriverFactory.newWebdriverInstance(WebDriverFactory.java:184)
	at net.thucydides.core.webdriver.WebDriverFacade.newDriverInstance(WebDriverFacade.java:137)
	at net.thucydides.core.webdriver.WebDriverFacade.newProxyDriver(WebDriverFacade.java:128)
	at net.thucydides.core.webdriver.WebDriverFacade.getProxiedDriver(WebDriverFacade.java:100)
	at net.thucydides.core.webdriver.WebDriverFacade.getCurrentImplicitTimeout(WebDriverFacade.java:258)
	at net.thucydides.core.webdriver.WebdriverInstances.getCurrentImplicitTimeout(WebdriverInstances.java:113)
	at net.thucydides.core.annotations.locators.SmartAjaxElementLocator.getTimeOutInSeconds(SmartAjaxElementLocator.java:150)
	at net.thucydides.core.annotations.locators.SmartAjaxElementLocator.ajaxFindElement(SmartAjaxElementLocator.java:136)
	at net.thucydides.core.annotations.locators.SmartAjaxElementLocator.findElement(SmartAjaxElementLocator.java:93)
	at org.openqa.selenium.support.pagefactory.internal.LocatingElementHandler.invoke(LocatingElementHandler.java:38)
	at com.sun.proxy.$Proxy24.click(Unknown Source)
	at net.thucydides.showcase.cucumber.pages.UserCreationPage.AdminstratorPage(UserCreationPage.java:54)
	at net.thucydides.showcase.cucumber.steps.serenity.Usercreationsteps.manageAdministratorPage(Usercreationsteps.java:16)
	at net.thucydides.showcase.cucumber.steps.serenity.Usercreationsteps$$EnhancerByCGLIB$$6e11b5d9.CGLIB$manageAdministratorPage$0(<generated>)
	at net.thucydides.showcase.cucumber.steps.serenity.Usercreationsteps$$EnhancerByCGLIB$$6e11b5d9$$FastClassByCGLIB$$9bf415b4.invoke(<generated>)
	at net.sf.cglib.proxy.MethodProxy.invokeSuper(MethodProxy.java:228)
	at net.thucydides.core.steps.StepInterceptor.invokeMethod(StepInterceptor.java:336)
	at net.thucydides.core.steps.StepInterceptor.executeTestStepMethod(StepInterceptor.java:321)
	at net.thucydides.core.steps.StepInterceptor.runTestStep(StepInterceptor.java:296)
	at net.thucydides.core.steps.StepInterceptor.testStepResult(StepInterceptor.java:129)
	at net.thucydides.core.steps.StepInterceptor.intercept(StepInterceptor.java:56)
	at net.thucydides.showcase.cucumber.steps.serenity.Usercreationsteps$$EnhancerByCGLIB$$6e11b5d9.manageAdministratorPage(<generated>)
	at net.thucydides.showcase.cucumber.steps.Usercreationstepdefition.manage_Administrator_Page_is_displayed(Usercreationstepdefition.java:16)
	at sun.reflect.NativeMethodAccessorImpl.invoke0(Native Method)
	at sun.reflect.NativeMethodAccessorImpl.invoke(Unknown Source)
	at sun.reflect.DelegatingMethodAccessorImpl.invoke(Unknown Source)
	at java.lang.reflect.Method.invoke(Unknown Source)
	at cucumber.runtime.Utils$1.call(Utils.java:37)
	at cucumber.runtime.Timeout.timeout(Timeout.java:13)
	at cucumber.runtime.Utils.invoke(Utils.java:31)
	at cucumber.runtime.java.JavaStepDefinition.execute(JavaStepDefinition.java:38)
	at cucumber.runtime.StepDefinitionMatch.runStep(StepDefinitionMatch.java:37)
	at cucumber.runtime.Runtime.runStep(Runtime.java:299)
	at cucumber.runtime.model.StepContainer.runStep(StepContainer.java:44)
	at cucumber.runtime.model.StepContainer.runSteps(StepContainer.java:39)
	at cucumber.runtime.model.CucumberScenario.run(CucumberScenario.java:44)
	at cucumber.runtime.junit.ExecutionUnitRunner.run(ExecutionUnitRunner.java:91)
	at org.junit.runners.Suite.runChild(Suite.java:127)
	at org.junit.runners.Suite.runChild(Suite.java:26)
	at org.junit.runners.ParentRunner$3.run(ParentRunner.java:238)
	at org.junit.runners.ParentRunner$1.schedule(ParentRunner.java:63)
	at org.junit.runners.ParentRunner.runChildren(ParentRunner.java:236)
	at org.junit.runners.ParentRunner.access$000(ParentRunner.java:53)
	at org.junit.runners.ParentRunner$2.evaluate(ParentRunner.java:229)
	at org.junit.runners.ParentRunner.run(ParentRunner.java:309)
	at cucumber.runtime.junit.ExamplesRunner.run(ExamplesRunner.java:59)
	at org.junit.runners.Suite.runChild(Suite.java:127)
	at org.junit.runners.Suite.runChild(Suite.java:26)
	at org.junit.runners.ParentRunner$3.run(ParentRunner.java:238)
	at org.junit.runners.ParentRunner$1.schedule(ParentRunner.java:63)
	at org.junit.runners.ParentRunner.runChildren(ParentRunner.java:236)
	at org.junit.runners.ParentRunner.access$000(ParentRunner.java:53)
	at org.junit.runners.ParentRunner$2.evaluate(ParentRunner.java:229)
	at org.junit.runners.ParentRunner.run(ParentRunner.java:309)
	at cucumber.runtime.junit.ScenarioOutlineRunner.run(ScenarioOutlineRunner.java:53)
	at cucumber.runtime.junit.FeatureRunner.runChild(FeatureRunner.java:63)
	at cucumber.runtime.junit.FeatureRunner.runChild(FeatureRunner.java:18)
	at org.junit.runners.ParentRunner$3.run(ParentRunner.java:238)
	at org.junit.runners.ParentRunner$1.schedule(ParentRunner.java:63)
	at org.junit.runners.ParentRunner.runChildren(ParentRunner.java:236)
	at org.junit.runners.ParentRunner.access$000(ParentRunner.java:53)
	at org.junit.runners.ParentRunner$2.evaluate(ParentRunner.java:229)
	at org.junit.runners.ParentRunner.run(ParentRunner.java:309)
	at cucumber.runtime.junit.FeatureRunner.run(FeatureRunner.java:70)
	at cucumber.api.junit.Cucumber.runChild(Cucumber.java:93)
	at cucumber.api.junit.Cucumber.runChild(Cucumber.java:37)
	at org.junit.runners.ParentRunner$3.run(ParentRunner.java:238)
	at org.junit.runners.ParentRunner$1.schedule(ParentRunner.java:63)
	at org.junit.runners.ParentRunner.runChildren(ParentRunner.java:236)
	at org.junit.runners.ParentRunner.access$000(ParentRunner.java:53)
	at org.junit.runners.ParentRunner$2.evaluate(ParentRunner.java:229)
	at org.junit.runners.ParentRunner.run(ParentRunner.java:309)
	at cucumber.api.junit.Cucumber.run(Cucumber.java:98)
	at org.apache.maven.surefire.junit4.JUnit4Provider.execute(JUnit4Provider.java:283)
	at org.apache.maven.surefire.junit4.JUnit4Provider.executeWithRerun(JUnit4Provider.java:173)
	at org.apache.maven.surefire.junit4.JUnit4Provider.executeTestSet(JUnit4Provider.java:153)
	at org.apache.maven.surefire.junit4.JUnit4Provider.invoke(JUnit4Provider.java:128)
	at org.apache.maven.surefire.booter.ForkedBooter.invokeProviderInSameClassLoader(ForkedBooter.java:203)
	at org.apache.maven.surefire.booter.ForkedBooter.runSuitesInProcess(ForkedBooter.java:155)
	at org.apache.maven.surefire.booter.ForkedBooter.main(ForkedBooter.java:103)
]]></error>
  </testcase>
  <testcase name="And I navigate to Create Administrator Page" classname="| Gurunathan41 | Admin | User | charles@lexisnexis.com | Gpassword123! |" time="0">
    <skipped/>
    <system-err><![CDATA[135216 [main] INFO net.serenitybdd.core.Serenity - STEP FAILED: net.thucydides.core.webdriver.UnsupportedDriverException: Could not instantiate class org.openqa.selenium.chrome.ChromeDriver
]]></system-err>
  </testcase>
  <testcase name="When I provide valid Administrator &quot;Gurunathan41&quot;, &quot;Admin&quot;, &quot;User&quot;, &quot;charles@lexisnexis.com&quot; and &quot;Gpassword123!&quot;" classname="| Gurunathan41 | Admin | User | charles@lexisnexis.com | Gpassword123! |" time="0">
    <skipped/>
  </testcase>
  <testcase name="And clicking on Create Administrator button" classname="| Gurunathan41 | Admin | User | charles@lexisnexis.com | Gpassword123! |" time="0">
    <skipped/>
  </testcase>
  <testcase name="Then User Successfully created message should be displayed" classname="| Gurunathan41 | Admin | User | charles@lexisnexis.com | Gpassword123! |" time="0">
    <skipped/>
  </testcase>
</testsuite>